0 info it worked if it ends with ok
1 verbose cli [ 'C:\\Program Files\\nodejs\\node.exe',
1 verbose cli   'C:\\Program Files\\nodejs\\node_modules\\npm\\bin\\npm-cli.js',
1 verbose cli   'install' ]
2 info using npm@3.10.10
3 info using node@v6.9.5
4 silly loadCurrentTree Starting
5 silly install loadCurrentTree
6 silly install readLocalPackageData
7 silly install normalizeTree
8 silly loadCurrentTree Finishing
9 silly loadIdealTree Starting
10 silly install loadIdealTree
11 silly cloneCurrentTree Starting
12 silly install cloneCurrentTreeToIdealTree
13 silly cloneCurrentTree Finishing
14 silly loadShrinkwrap Starting
15 silly install loadShrinkwrap
16 silly loadShrinkwrap Finishing
17 silly loadAllDepsIntoIdealTree Starting
18 silly install loadAllDepsIntoIdealTree
19 silly fetchNamedPackageData nativescript-statusbar
20 silly mapToRegistry name nativescript-statusbar
21 silly mapToRegistry using default registry
22 silly mapToRegistry registry https://registry.npmjs.org/
23 silly mapToRegistry data Result {
23 silly mapToRegistry   raw: 'nativescript-statusbar',
23 silly mapToRegistry   scope: null,
23 silly mapToRegistry   escapedName: 'nativescript-statusbar',
23 silly mapToRegistry   name: 'nativescript-statusbar',
23 silly mapToRegistry   rawSpec: '',
23 silly mapToRegistry   spec: 'latest',
23 silly mapToRegistry   type: 'tag' }
24 silly mapToRegistry uri https://registry.npmjs.org/nativescript-statusbar
25 silly fetchNamedPackageData nativescript-theme-core
26 silly mapToRegistry name nativescript-theme-core
27 silly mapToRegistry using default registry
28 silly mapToRegistry registry https://registry.npmjs.org/
29 silly mapToRegistry data Result {
29 silly mapToRegistry   raw: 'nativescript-theme-core',
29 silly mapToRegistry   scope: null,
29 silly mapToRegistry   escapedName: 'nativescript-theme-core',
29 silly mapToRegistry   name: 'nativescript-theme-core',
29 silly mapToRegistry   rawSpec: '',
29 silly mapToRegistry   spec: 'latest',
29 silly mapToRegistry   type: 'tag' }
30 silly mapToRegistry uri https://registry.npmjs.org/nativescript-theme-core
31 silly fetchNamedPackageData tns-core-modules
32 silly mapToRegistry name tns-core-modules
33 silly mapToRegistry using default registry
34 silly mapToRegistry registry https://registry.npmjs.org/
35 silly mapToRegistry data Result {
35 silly mapToRegistry   raw: 'tns-core-modules',
35 silly mapToRegistry   scope: null,
35 silly mapToRegistry   escapedName: 'tns-core-modules',
35 silly mapToRegistry   name: 'tns-core-modules',
35 silly mapToRegistry   rawSpec: '',
35 silly mapToRegistry   spec: 'latest',
35 silly mapToRegistry   type: 'tag' }
36 silly mapToRegistry uri https://registry.npmjs.org/tns-core-modules
37 verbose request uri https://registry.npmjs.org/nativescript-statusbar
38 verbose request no auth needed
39 info attempt registry request try #1 at 12:59:49 PM
40 verbose request id 3d03cecd101dfa01
41 verbose etag W/"58ad9b62-3209"
42 verbose lastModified Wed, 22 Feb 2017 14:08:34 GMT
43 http request GET https://registry.npmjs.org/nativescript-statusbar
44 verbose request uri https://registry.npmjs.org/nativescript-theme-core
45 verbose request no auth needed
46 info attempt registry request try #1 at 12:59:49 PM
47 verbose etag W/"58627270-7cff"
48 verbose lastModified Tue, 27 Dec 2016 13:53:52 GMT
49 http request GET https://registry.npmjs.org/nativescript-theme-core
50 verbose get https://registry.npmjs.org/tns-core-modules not expired, no request
51 silly resolveWithNewModule tns-core-modules@2.5.1 checking installable status
52 silly cache add args [ 'tns-core-modules@2.5.1', null ]
53 verbose cache add spec tns-core-modules@2.5.1
54 silly cache add parsed spec Result {
54 silly cache add   raw: 'tns-core-modules@2.5.1',
54 silly cache add   scope: null,
54 silly cache add   escapedName: 'tns-core-modules',
54 silly cache add   name: 'tns-core-modules',
54 silly cache add   rawSpec: '2.5.1',
54 silly cache add   spec: '2.5.1',
54 silly cache add   type: 'version' }
55 silly addNamed tns-core-modules@2.5.1
56 verbose addNamed "2.5.1" is a plain semver version for tns-core-modules
57 silly mapToRegistry name tns-core-modules
58 silly mapToRegistry using default registry
59 silly mapToRegistry registry https://registry.npmjs.org/
60 silly mapToRegistry data Result {
60 silly mapToRegistry   raw: 'tns-core-modules',
60 silly mapToRegistry   scope: null,
60 silly mapToRegistry   escapedName: 'tns-core-modules',
60 silly mapToRegistry   name: 'tns-core-modules',
60 silly mapToRegistry   rawSpec: '',
60 silly mapToRegistry   spec: 'latest',
60 silly mapToRegistry   type: 'tag' }
61 silly mapToRegistry uri https://registry.npmjs.org/tns-core-modules
62 verbose addNameVersion registry:https://registry.npmjs.org/tns-core-modules not in flight; fetching
63 verbose get https://registry.npmjs.org/tns-core-modules not expired, no request
64 silly cache afterAdd tns-core-modules@2.5.1
65 verbose afterAdd C:\Users\User\AppData\Roaming\npm-cache\tns-core-modules\2.5.1\package\package.json not in flight; writing
66 verbose correctMkdir C:\Users\User\AppData\Roaming\npm-cache correctMkdir not in flight; initializing
67 verbose afterAdd C:\Users\User\AppData\Roaming\npm-cache\tns-core-modules\2.5.1\package\package.json written
68 http 304 https://registry.npmjs.org/nativescript-theme-core
69 verbose headers { date: 'Fri, 24 Feb 2017 07:14:53 GMT',
69 verbose headers   via: '1.1 varnish',
69 verbose headers   'cache-control': 'max-age=300',
69 verbose headers   etag: 'W/"58627270-7cff"',
69 verbose headers   age: '188',
69 verbose headers   connection: 'keep-alive',
69 verbose headers   'x-served-by': 'cache-ams4148-AMS',
69 verbose headers   'x-cache': 'HIT',
69 verbose headers   'x-cache-hits': '1',
69 verbose headers   'x-timer': 'S1487920493.088204,VS0,VE0',
69 verbose headers   vary: 'Accept-Encoding' }
70 silly get cb [ 304,
70 silly get   { date: 'Fri, 24 Feb 2017 07:14:53 GMT',
70 silly get     via: '1.1 varnish',
70 silly get     'cache-control': 'max-age=300',
70 silly get     etag: 'W/"58627270-7cff"',
70 silly get     age: '188',
70 silly get     connection: 'keep-alive',
70 silly get     'x-served-by': 'cache-ams4148-AMS',
70 silly get     'x-cache': 'HIT',
70 silly get     'x-cache-hits': '1',
70 silly get     'x-timer': 'S1487920493.088204,VS0,VE0',
70 silly get     vary: 'Accept-Encoding' } ]
71 verbose etag https://registry.npmjs.org/nativescript-theme-core from cache
72 verbose get saving nativescript-theme-core to C:\Users\User\AppData\Roaming\npm-cache\registry.npmjs.org\nativescript-theme-core\.cache.json
73 verbose correctMkdir C:\Users\User\AppData\Roaming\npm-cache correctMkdir not in flight; initializing
74 silly resolveWithNewModule nativescript-theme-core@1.0.2 checking installable status
75 silly cache add args [ 'nativescript-theme-core@~1.0.2', null ]
76 verbose cache add spec nativescript-theme-core@~1.0.2
77 silly cache add parsed spec Result {
77 silly cache add   raw: 'nativescript-theme-core@~1.0.2',
77 silly cache add   scope: null,
77 silly cache add   escapedName: 'nativescript-theme-core',
77 silly cache add   name: 'nativescript-theme-core',
77 silly cache add   rawSpec: '~1.0.2',
77 silly cache add   spec: '>=1.0.2 <1.1.0',
77 silly cache add   type: 'range' }
78 silly addNamed nativescript-theme-core@>=1.0.2 <1.1.0
79 verbose addNamed ">=1.0.2 <1.1.0" is a valid semver range for nativescript-theme-core
80 silly addNameRange { name: 'nativescript-theme-core',
80 silly addNameRange   range: '>=1.0.2 <1.1.0',
80 silly addNameRange   hasData: false }
81 silly mapToRegistry name nativescript-theme-core
82 silly mapToRegistry using default registry
83 silly mapToRegistry registry https://registry.npmjs.org/
84 silly mapToRegistry data Result {
84 silly mapToRegistry   raw: 'nativescript-theme-core',
84 silly mapToRegistry   scope: null,
84 silly mapToRegistry   escapedName: 'nativescript-theme-core',
84 silly mapToRegistry   name: 'nativescript-theme-core',
84 silly mapToRegistry   rawSpec: '',
84 silly mapToRegistry   spec: 'latest',
84 silly mapToRegistry   type: 'tag' }
85 silly mapToRegistry uri https://registry.npmjs.org/nativescript-theme-core
86 verbose addNameRange registry:https://registry.npmjs.org/nativescript-theme-core not in flight; fetching
87 verbose get https://registry.npmjs.org/nativescript-theme-core not expired, no request
88 silly addNameRange number 2 { name: 'nativescript-theme-core',
88 silly addNameRange   range: '>=1.0.2 <1.1.0',
88 silly addNameRange   hasData: true }
89 silly addNameRange versions [ 'nativescript-theme-core',
89 silly addNameRange   [ '0.0.1',
89 silly addNameRange     '0.0.2',
89 silly addNameRange     '0.0.3',
89 silly addNameRange     '0.0.4',
89 silly addNameRange     '0.0.5',
89 silly addNameRange     '0.0.6',
89 silly addNameRange     '0.0.7',
89 silly addNameRange     '0.0.8',
89 silly addNameRange     '0.0.9',
89 silly addNameRange     '0.0.10',
89 silly addNameRange     '0.1.0',
89 silly addNameRange     '0.1.1',
89 silly addNameRange     '0.1.2',
89 silly addNameRange     '0.1.3',
89 silly addNameRange     '0.1.4',
89 silly addNameRange     '0.1.5',
89 silly addNameRange     '0.2.0',
89 silly addNameRange     '0.2.1',
89 silly addNameRange     '0.2.2',
89 silly addNameRange     '0.2.3',
89 silly addNameRange     '0.2.4',
89 silly addNameRange     '0.2.5',
89 silly addNameRange     '0.2.6',
89 silly addNameRange     '1.0.0',
89 silly addNameRange     '1.0.1',
89 silly addNameRange     '1.0.2' ] ]
90 silly addNamed nativescript-theme-core@1.0.2
91 verbose addNamed "1.0.2" is a plain semver version for nativescript-theme-core
92 silly cache afterAdd nativescript-theme-core@1.0.2
93 verbose afterAdd C:\Users\User\AppData\Roaming\npm-cache\nativescript-theme-core\1.0.2\package\package.json not in flight; writing
94 verbose correctMkdir C:\Users\User\AppData\Roaming\npm-cache correctMkdir not in flight; initializing
95 verbose afterAdd C:\Users\User\AppData\Roaming\npm-cache\nativescript-theme-core\1.0.2\package\package.json written
96 http 304 https://registry.npmjs.org/nativescript-statusbar
97 verbose headers { date: 'Fri, 24 Feb 2017 07:14:53 GMT',
97 verbose headers   via: '1.1 varnish',
97 verbose headers   'cache-control': 'max-age=300',
97 verbose headers   etag: 'W/"58ad9b62-3209"',
97 verbose headers   age: '188',
97 verbose headers   connection: 'keep-alive',
97 verbose headers   'x-served-by': 'cache-ams4435-AMS',
97 verbose headers   'x-cache': 'HIT',
97 verbose headers   'x-cache-hits': '1',
97 verbose headers   'x-timer': 'S1487920493.278755,VS0,VE0',
97 verbose headers   vary: 'Accept-Encoding' }
98 silly get cb [ 304,
98 silly get   { date: 'Fri, 24 Feb 2017 07:14:53 GMT',
98 silly get     via: '1.1 varnish',
98 silly get     'cache-control': 'max-age=300',
98 silly get     etag: 'W/"58ad9b62-3209"',
98 silly get     age: '188',
98 silly get     connection: 'keep-alive',
98 silly get     'x-served-by': 'cache-ams4435-AMS',
98 silly get     'x-cache': 'HIT',
98 silly get     'x-cache-hits': '1',
98 silly get     'x-timer': 'S1487920493.278755,VS0,VE0',
98 silly get     vary: 'Accept-Encoding' } ]
99 verbose etag https://registry.npmjs.org/nativescript-statusbar from cache
100 verbose get saving nativescript-statusbar to C:\Users\User\AppData\Roaming\npm-cache\registry.npmjs.org\nativescript-statusbar\.cache.json
101 verbose correctMkdir C:\Users\User\AppData\Roaming\npm-cache correctMkdir not in flight; initializing
102 silly resolveWithNewModule nativescript-statusbar@1.0.0 checking installable status
103 silly cache add args [ 'nativescript-statusbar@^1.0.0', null ]
104 verbose cache add spec nativescript-statusbar@^1.0.0
105 silly cache add parsed spec Result {
105 silly cache add   raw: 'nativescript-statusbar@^1.0.0',
105 silly cache add   scope: null,
105 silly cache add   escapedName: 'nativescript-statusbar',
105 silly cache add   name: 'nativescript-statusbar',
105 silly cache add   rawSpec: '^1.0.0',
105 silly cache add   spec: '>=1.0.0 <2.0.0',
105 silly cache add   type: 'range' }
106 silly addNamed nativescript-statusbar@>=1.0.0 <2.0.0
107 verbose addNamed ">=1.0.0 <2.0.0" is a valid semver range for nativescript-statusbar
108 silly addNameRange { name: 'nativescript-statusbar',
108 silly addNameRange   range: '>=1.0.0 <2.0.0',
108 silly addNameRange   hasData: false }
109 silly mapToRegistry name nativescript-statusbar
110 silly mapToRegistry using default registry
111 silly mapToRegistry registry https://registry.npmjs.org/
112 silly mapToRegistry data Result {
112 silly mapToRegistry   raw: 'nativescript-statusbar',
112 silly mapToRegistry   scope: null,
112 silly mapToRegistry   escapedName: 'nativescript-statusbar',
112 silly mapToRegistry   name: 'nativescript-statusbar',
112 silly mapToRegistry   rawSpec: '',
112 silly mapToRegistry   spec: 'latest',
112 silly mapToRegistry   type: 'tag' }
113 silly mapToRegistry uri https://registry.npmjs.org/nativescript-statusbar
114 verbose addNameRange registry:https://registry.npmjs.org/nativescript-statusbar not in flight; fetching
115 verbose get https://registry.npmjs.org/nativescript-statusbar not expired, no request
116 silly addNameRange number 2 { name: 'nativescript-statusbar',
116 silly addNameRange   range: '>=1.0.0 <2.0.0',
116 silly addNameRange   hasData: true }
117 silly addNameRange versions [ 'nativescript-statusbar',
117 silly addNameRange   [ '0.0.1', '0.0.2', '0.0.3', '0.0.4', '0.0.5', '0.0.6', '1.0.0' ] ]
118 silly addNamed nativescript-statusbar@1.0.0
119 verbose addNamed "1.0.0" is a plain semver version for nativescript-statusbar
120 silly cache afterAdd nativescript-statusbar@1.0.0
121 verbose afterAdd C:\Users\User\AppData\Roaming\npm-cache\nativescript-statusbar\1.0.0\package\package.json not in flight; writing
122 verbose correctMkdir C:\Users\User\AppData\Roaming\npm-cache correctMkdir not in flight; initializing
123 verbose afterAdd C:\Users\User\AppData\Roaming\npm-cache\nativescript-statusbar\1.0.0\package\package.json written
124 silly fetchNamedPackageData tns-core-modules-widgets
125 silly mapToRegistry name tns-core-modules-widgets
126 silly mapToRegistry using default registry
127 silly mapToRegistry registry https://registry.npmjs.org/
128 silly mapToRegistry data Result {
128 silly mapToRegistry   raw: 'tns-core-modules-widgets',
128 silly mapToRegistry   scope: null,
128 silly mapToRegistry   escapedName: 'tns-core-modules-widgets',
128 silly mapToRegistry   name: 'tns-core-modules-widgets',
128 silly mapToRegistry   rawSpec: '',
128 silly mapToRegistry   spec: 'latest',
128 silly mapToRegistry   type: 'tag' }
129 silly mapToRegistry uri https://registry.npmjs.org/tns-core-modules-widgets
130 verbose request uri https://registry.npmjs.org/tns-core-modules-widgets
131 verbose request no auth needed
132 info attempt registry request try #1 at 12:59:50 PM
133 verbose etag W/"58add180-17401"
134 verbose lastModified Wed, 22 Feb 2017 17:59:28 GMT
135 http request GET https://registry.npmjs.org/tns-core-modules-widgets
136 http 304 https://registry.npmjs.org/tns-core-modules-widgets
137 verbose headers { date: 'Fri, 24 Feb 2017 07:14:53 GMT',
137 verbose headers   via: '1.1 varnish',
137 verbose headers   'cache-control': 'max-age=300',
137 verbose headers   etag: 'W/"58add180-17401"',
137 verbose headers   age: '177',
137 verbose headers   connection: 'keep-alive',
137 verbose headers   'x-served-by': 'cache-ams4148-AMS',
137 verbose headers   'x-cache': 'HIT',
137 verbose headers   'x-cache-hits': '1',
137 verbose headers   'x-timer': 'S1487920493.665217,VS0,VE0',
137 verbose headers   vary: 'Accept-Encoding' }
138 silly get cb [ 304,
138 silly get   { date: 'Fri, 24 Feb 2017 07:14:53 GMT',
138 silly get     via: '1.1 varnish',
138 silly get     'cache-control': 'max-age=300',
138 silly get     etag: 'W/"58add180-17401"',
138 silly get     age: '177',
138 silly get     connection: 'keep-alive',
138 silly get     'x-served-by': 'cache-ams4148-AMS',
138 silly get     'x-cache': 'HIT',
138 silly get     'x-cache-hits': '1',
138 silly get     'x-timer': 'S1487920493.665217,VS0,VE0',
138 silly get     vary: 'Accept-Encoding' } ]
139 verbose etag https://registry.npmjs.org/tns-core-modules-widgets from cache
140 verbose get saving tns-core-modules-widgets to C:\Users\User\AppData\Roaming\npm-cache\registry.npmjs.org\tns-core-modules-widgets\.cache.json
141 verbose correctMkdir C:\Users\User\AppData\Roaming\npm-cache correctMkdir not in flight; initializing
142 silly resolveWithNewModule tns-core-modules-widgets@2.5.0 checking installable status
143 silly cache add args [ 'tns-core-modules-widgets@2.5.0', null ]
144 verbose cache add spec tns-core-modules-widgets@2.5.0
145 silly cache add parsed spec Result {
145 silly cache add   raw: 'tns-core-modules-widgets@2.5.0',
145 silly cache add   scope: null,
145 silly cache add   escapedName: 'tns-core-modules-widgets',
145 silly cache add   name: 'tns-core-modules-widgets',
145 silly cache add   rawSpec: '2.5.0',
145 silly cache add   spec: '2.5.0',
145 silly cache add   type: 'version' }
146 silly addNamed tns-core-modules-widgets@2.5.0
147 verbose addNamed "2.5.0" is a plain semver version for tns-core-modules-widgets
148 silly mapToRegistry name tns-core-modules-widgets
149 silly mapToRegistry using default registry
150 silly mapToRegistry registry https://registry.npmjs.org/
151 silly mapToRegistry data Result {
151 silly mapToRegistry   raw: 'tns-core-modules-widgets',
151 silly mapToRegistry   scope: null,
151 silly mapToRegistry   escapedName: 'tns-core-modules-widgets',
151 silly mapToRegistry   name: 'tns-core-modules-widgets',
151 silly mapToRegistry   rawSpec: '',
151 silly mapToRegistry   spec: 'latest',
151 silly mapToRegistry   type: 'tag' }
152 silly mapToRegistry uri https://registry.npmjs.org/tns-core-modules-widgets
153 verbose addNameVersion registry:https://registry.npmjs.org/tns-core-modules-widgets not in flight; fetching
154 verbose get https://registry.npmjs.org/tns-core-modules-widgets not expired, no request
155 silly cache afterAdd tns-core-modules-widgets@2.5.0
156 verbose afterAdd C:\Users\User\AppData\Roaming\npm-cache\tns-core-modules-widgets\2.5.0\package\package.json not in flight; writing
157 verbose correctMkdir C:\Users\User\AppData\Roaming\npm-cache correctMkdir not in flight; initializing
158 verbose afterAdd C:\Users\User\AppData\Roaming\npm-cache\tns-core-modules-widgets\2.5.0\package\package.json written
159 silly fetchNamedPackageData babel-traverse
160 silly mapToRegistry name babel-traverse
161 silly mapToRegistry using default registry
162 silly mapToRegistry registry https://registry.npmjs.org/
163 silly mapToRegistry data Result {
163 silly mapToRegistry   raw: 'babel-traverse',
163 silly mapToRegistry   scope: null,
163 silly mapToRegistry   escapedName: 'babel-traverse',
163 silly mapToRegistry   name: 'babel-traverse',
163 silly mapToRegistry   rawSpec: '',
163 silly mapToRegistry   spec: 'latest',
163 silly mapToRegistry   type: 'tag' }
164 silly mapToRegistry uri https://registry.npmjs.org/babel-traverse
165 silly fetchNamedPackageData babel-types
166 silly mapToRegistry name babel-types
167 silly mapToRegistry using default registry
168 silly mapToRegistry registry https://registry.npmjs.org/
169 silly mapToRegistry data Result {
169 silly mapToRegistry   raw: 'babel-types',
169 silly mapToRegistry   scope: null,
169 silly mapToRegistry   escapedName: 'babel-types',
169 silly mapToRegistry   name: 'babel-types',
169 silly mapToRegistry   rawSpec: '',
169 silly mapToRegistry   spec: 'latest',
169 silly mapToRegistry   type: 'tag' }
170 silly mapToRegistry uri https://registry.npmjs.org/babel-types
171 silly fetchNamedPackageData babylon
172 silly mapToRegistry name babylon
173 silly mapToRegistry using default registry
174 silly mapToRegistry registry https://registry.npmjs.org/
175 silly mapToRegistry data Result {
175 silly mapToRegistry   raw: 'babylon',
175 silly mapToRegistry   scope: null,
175 silly mapToRegistry   escapedName: 'babylon',
175 silly mapToRegistry   name: 'babylon',
175 silly mapToRegistry   rawSpec: '',
175 silly mapToRegistry   spec: 'latest',
175 silly mapToRegistry   type: 'tag' }
176 silly mapToRegistry uri https://registry.npmjs.org/babylon
177 silly fetchNamedPackageData lazy
178 silly mapToRegistry name lazy
179 silly mapToRegistry using default registry
180 silly mapToRegistry registry https://registry.npmjs.org/
181 silly mapToRegistry data Result {
181 silly mapToRegistry   raw: 'lazy',
181 silly mapToRegistry   scope: null,
181 silly mapToRegistry   escapedName: 'lazy',
181 silly mapToRegistry   name: 'lazy',
181 silly mapToRegistry   rawSpec: '',
181 silly mapToRegistry   spec: 'latest',
181 silly mapToRegistry   type: 'tag' }
182 silly mapToRegistry uri https://registry.npmjs.org/lazy
183 silly fetchNamedPackageData nativescript-dev-android-snapshot
184 silly mapToRegistry name nativescript-dev-android-snapshot
185 silly mapToRegistry using default registry
186 silly mapToRegistry registry https://registry.npmjs.org/
187 silly mapToRegistry data Result {
187 silly mapToRegistry   raw: 'nativescript-dev-android-snapshot',
187 silly mapToRegistry   scope: null,
187 silly mapToRegistry   escapedName: 'nativescript-dev-android-snapshot',
187 silly mapToRegistry   name: 'nativescript-dev-android-snapshot',
187 silly mapToRegistry   rawSpec: '',
187 silly mapToRegistry   spec: 'latest',
187 silly mapToRegistry   type: 'tag' }
188 silly mapToRegistry uri https://registry.npmjs.org/nativescript-dev-android-snapshot
189 verbose request uri https://registry.npmjs.org/babel-traverse
190 verbose request no auth needed
191 info attempt registry request try #1 at 12:59:50 PM
192 verbose etag W/"58a268ee-12100"
193 verbose lastModified Tue, 14 Feb 2017 02:18:22 GMT
194 http request GET https://registry.npmjs.org/babel-traverse
195 verbose request uri https://registry.npmjs.org/babel-types
196 verbose request no auth needed
197 info attempt registry request try #1 at 12:59:50 PM
198 verbose etag W/"58a25a1c-104d4"
199 verbose lastModified Tue, 14 Feb 2017 01:15:08 GMT
200 http request GET https://registry.npmjs.org/babel-types
201 verbose request uri https://registry.npmjs.org/lazy
202 verbose request no auth needed
203 info attempt registry request try #1 at 12:59:50 PM
204 verbose etag W/"58868681-25fd"
205 verbose lastModified Mon, 23 Jan 2017 22:41:05 GMT
206 http request GET https://registry.npmjs.org/lazy
207 verbose request uri https://registry.npmjs.org/babylon
208 verbose request no auth needed
209 info attempt registry request try #1 at 12:59:50 PM
210 verbose etag W/"58aeffe2-320d0"
211 verbose lastModified Thu, 23 Feb 2017 15:29:38 GMT
212 http request GET https://registry.npmjs.org/babylon
213 verbose request uri https://registry.npmjs.org/nativescript-dev-android-snapshot
214 verbose request no auth needed
215 info attempt registry request try #1 at 12:59:50 PM
216 verbose etag W/"5891a637-350f"
217 verbose lastModified Wed, 01 Feb 2017 09:11:19 GMT
218 http request GET https://registry.npmjs.org/nativescript-dev-android-snapshot
219 http 304 https://registry.npmjs.org/babel-traverse
220 verbose headers { date: 'Fri, 24 Feb 2017 07:14:54 GMT',
220 verbose headers   via: '1.1 varnish',
220 verbose headers   'cache-control': 'max-age=300',
220 verbose headers   etag: 'W/"58a268ee-12100"',
220 verbose headers   age: '132',
220 verbose headers   connection: 'keep-alive',
220 verbose headers   'x-served-by': 'cache-ams4435-AMS',
220 verbose headers   'x-cache': 'HIT',
220 verbose headers   'x-cache-hits': '1',
220 verbose headers   'x-timer': 'S1487920494.025541,VS0,VE0',
220 verbose headers   vary: 'Accept-Encoding' }
221 silly get cb [ 304,
221 silly get   { date: 'Fri, 24 Feb 2017 07:14:54 GMT',
221 silly get     via: '1.1 varnish',
221 silly get     'cache-control': 'max-age=300',
221 silly get     etag: 'W/"58a268ee-12100"',
221 silly get     age: '132',
221 silly get     connection: 'keep-alive',
221 silly get     'x-served-by': 'cache-ams4435-AMS',
221 silly get     'x-cache': 'HIT',
221 silly get     'x-cache-hits': '1',
221 silly get     'x-timer': 'S1487920494.025541,VS0,VE0',
221 silly get     vary: 'Accept-Encoding' } ]
222 verbose etag https://registry.npmjs.org/babel-traverse from cache
223 verbose get saving babel-traverse to C:\Users\User\AppData\Roaming\npm-cache\registry.npmjs.org\babel-traverse\.cache.json
224 verbose correctMkdir C:\Users\User\AppData\Roaming\npm-cache correctMkdir not in flight; initializing
225 http 304 https://registry.npmjs.org/babel-types
226 verbose headers { date: 'Fri, 24 Feb 2017 07:14:54 GMT',
226 verbose headers   via: '1.1 varnish',
226 verbose headers   'cache-control': 'max-age=300',
226 verbose headers   etag: 'W/"58a25a1c-104d4"',
226 verbose headers   age: '162',
226 verbose headers   connection: 'keep-alive',
226 verbose headers   'x-served-by': 'cache-ams4148-AMS',
226 verbose headers   'x-cache': 'HIT',
226 verbose headers   'x-cache-hits': '1',
226 verbose headers   'x-timer': 'S1487920494.037723,VS0,VE0',
226 verbose headers   vary: 'Accept-Encoding' }
227 silly get cb [ 304,
227 silly get   { date: 'Fri, 24 Feb 2017 07:14:54 GMT',
227 silly get     via: '1.1 varnish',
227 silly get     'cache-control': 'max-age=300',
227 silly get     etag: 'W/"58a25a1c-104d4"',
227 silly get     age: '162',
227 silly get     connection: 'keep-alive',
227 silly get     'x-served-by': 'cache-ams4148-AMS',
227 silly get     'x-cache': 'HIT',
227 silly get     'x-cache-hits': '1',
227 silly get     'x-timer': 'S1487920494.037723,VS0,VE0',
227 silly get     vary: 'Accept-Encoding' } ]
228 verbose etag https://registry.npmjs.org/babel-types from cache
229 verbose get saving babel-types to C:\Users\User\AppData\Roaming\npm-cache\registry.npmjs.org\babel-types\.cache.json
230 verbose correctMkdir C:\Users\User\AppData\Roaming\npm-cache correctMkdir not in flight; initializing
231 silly resolveWithNewModule babel-types@6.23.0 checking installable status
232 silly cache add args [ 'babel-types@6.23.0', null ]
233 verbose cache add spec babel-types@6.23.0
234 silly cache add parsed spec Result {
234 silly cache add   raw: 'babel-types@6.23.0',
234 silly cache add   scope: null,
234 silly cache add   escapedName: 'babel-types',
234 silly cache add   name: 'babel-types',
234 silly cache add   rawSpec: '6.23.0',
234 silly cache add   spec: '6.23.0',
234 silly cache add   type: 'version' }
235 silly addNamed babel-types@6.23.0
236 verbose addNamed "6.23.0" is a plain semver version for babel-types
237 silly mapToRegistry name babel-types
238 silly mapToRegistry using default registry
239 silly mapToRegistry registry https://registry.npmjs.org/
240 silly mapToRegistry data Result {
240 silly mapToRegistry   raw: 'babel-types',
240 silly mapToRegistry   scope: null,
240 silly mapToRegistry   escapedName: 'babel-types',
240 silly mapToRegistry   name: 'babel-types',
240 silly mapToRegistry   rawSpec: '',
240 silly mapToRegistry   spec: 'latest',
240 silly mapToRegistry   type: 'tag' }
241 silly mapToRegistry uri https://registry.npmjs.org/babel-types
242 verbose addNameVersion registry:https://registry.npmjs.org/babel-types not in flight; fetching
243 verbose get https://registry.npmjs.org/babel-types not expired, no request
244 silly cache afterAdd babel-types@6.23.0
245 verbose afterAdd C:\Users\User\AppData\Roaming\npm-cache\babel-types\6.23.0\package\package.json not in flight; writing
246 verbose correctMkdir C:\Users\User\AppData\Roaming\npm-cache correctMkdir not in flight; initializing
247 silly resolveWithNewModule babel-traverse@6.23.1 checking installable status
248 silly cache add args [ 'babel-traverse@6.23.1', null ]
249 verbose cache add spec babel-traverse@6.23.1
250 silly cache add parsed spec Result {
250 silly cache add   raw: 'babel-traverse@6.23.1',
250 silly cache add   scope: null,
250 silly cache add   escapedName: 'babel-traverse',
250 silly cache add   name: 'babel-traverse',
250 silly cache add   rawSpec: '6.23.1',
250 silly cache add   spec: '6.23.1',
250 silly cache add   type: 'version' }
251 silly addNamed babel-traverse@6.23.1
252 verbose addNamed "6.23.1" is a plain semver version for babel-traverse
253 silly mapToRegistry name babel-traverse
254 silly mapToRegistry using default registry
255 silly mapToRegistry registry https://registry.npmjs.org/
256 silly mapToRegistry data Result {
256 silly mapToRegistry   raw: 'babel-traverse',
256 silly mapToRegistry   scope: null,
256 silly mapToRegistry   escapedName: 'babel-traverse',
256 silly mapToRegistry   name: 'babel-traverse',
256 silly mapToRegistry   rawSpec: '',
256 silly mapToRegistry   spec: 'latest',
256 silly mapToRegistry   type: 'tag' }
257 silly mapToRegistry uri https://registry.npmjs.org/babel-traverse
258 verbose addNameVersion registry:https://registry.npmjs.org/babel-traverse not in flight; fetching
259 verbose get https://registry.npmjs.org/babel-traverse not expired, no request
260 verbose afterAdd C:\Users\User\AppData\Roaming\npm-cache\babel-types\6.23.0\package\package.json written
261 silly cache afterAdd babel-traverse@6.23.1
262 verbose afterAdd C:\Users\User\AppData\Roaming\npm-cache\babel-traverse\6.23.1\package\package.json not in flight; writing
263 verbose correctMkdir C:\Users\User\AppData\Roaming\npm-cache correctMkdir not in flight; initializing
264 verbose afterAdd C:\Users\User\AppData\Roaming\npm-cache\babel-traverse\6.23.1\package\package.json written
265 http 304 https://registry.npmjs.org/lazy
266 verbose headers { date: 'Fri, 24 Feb 2017 07:14:54 GMT',
266 verbose headers   via: '1.1 varnish',
266 verbose headers   'cache-control': 'max-age=300',
266 verbose headers   etag: 'W/"58868681-25fd"',
266 verbose headers   age: '12',
266 verbose headers   connection: 'keep-alive',
266 verbose headers   'x-served-by': 'cache-ams4140-AMS',
266 verbose headers   'x-cache': 'HIT',
266 verbose headers   'x-cache-hits': '1',
266 verbose headers   'x-timer': 'S1487920494.399888,VS0,VE0',
266 verbose headers   vary: 'Accept-Encoding' }
267 silly get cb [ 304,
267 silly get   { date: 'Fri, 24 Feb 2017 07:14:54 GMT',
267 silly get     via: '1.1 varnish',
267 silly get     'cache-control': 'max-age=300',
267 silly get     etag: 'W/"58868681-25fd"',
267 silly get     age: '12',
267 silly get     connection: 'keep-alive',
267 silly get     'x-served-by': 'cache-ams4140-AMS',
267 silly get     'x-cache': 'HIT',
267 silly get     'x-cache-hits': '1',
267 silly get     'x-timer': 'S1487920494.399888,VS0,VE0',
267 silly get     vary: 'Accept-Encoding' } ]
268 verbose etag https://registry.npmjs.org/lazy from cache
269 verbose get saving lazy to C:\Users\User\AppData\Roaming\npm-cache\registry.npmjs.org\lazy\.cache.json
270 verbose correctMkdir C:\Users\User\AppData\Roaming\npm-cache correctMkdir not in flight; initializing
271 silly resolveWithNewModule lazy@1.0.11 checking installable status
272 silly cache add args [ 'lazy@1.0.11', null ]
273 verbose cache add spec lazy@1.0.11
274 silly cache add parsed spec Result {
274 silly cache add   raw: 'lazy@1.0.11',
274 silly cache add   scope: null,
274 silly cache add   escapedName: 'lazy',
274 silly cache add   name: 'lazy',
274 silly cache add   rawSpec: '1.0.11',
274 silly cache add   spec: '1.0.11',
274 silly cache add   type: 'version' }
275 silly addNamed lazy@1.0.11
276 verbose addNamed "1.0.11" is a plain semver version for lazy
277 silly mapToRegistry name lazy
278 silly mapToRegistry using default registry
279 silly mapToRegistry registry https://registry.npmjs.org/
280 silly mapToRegistry data Result {
280 silly mapToRegistry   raw: 'lazy',
280 silly mapToRegistry   scope: null,
280 silly mapToRegistry   escapedName: 'lazy',
280 silly mapToRegistry   name: 'lazy',
280 silly mapToRegistry   rawSpec: '',
280 silly mapToRegistry   spec: 'latest',
280 silly mapToRegistry   type: 'tag' }
281 silly mapToRegistry uri https://registry.npmjs.org/lazy
282 verbose addNameVersion registry:https://registry.npmjs.org/lazy not in flight; fetching
283 http 304 https://registry.npmjs.org/nativescript-dev-android-snapshot
284 verbose headers { date: 'Fri, 24 Feb 2017 07:14:54 GMT',
284 verbose headers   via: '1.1 varnish',
284 verbose headers   'cache-control': 'max-age=300',
284 verbose headers   etag: 'W/"5891a637-350f"',
284 verbose headers   age: '177',
284 verbose headers   connection: 'keep-alive',
284 verbose headers   'x-served-by': 'cache-ams4146-AMS',
284 verbose headers   'x-cache': 'HIT',
284 verbose headers   'x-cache-hits': '1',
284 verbose headers   'x-timer': 'S1487920494.428240,VS0,VE0',
284 verbose headers   vary: 'Accept-Encoding' }
285 silly get cb [ 304,
285 silly get   { date: 'Fri, 24 Feb 2017 07:14:54 GMT',
285 silly get     via: '1.1 varnish',
285 silly get     'cache-control': 'max-age=300',
285 silly get     etag: 'W/"5891a637-350f"',
285 silly get     age: '177',
285 silly get     connection: 'keep-alive',
285 silly get     'x-served-by': 'cache-ams4146-AMS',
285 silly get     'x-cache': 'HIT',
285 silly get     'x-cache-hits': '1',
285 silly get     'x-timer': 'S1487920494.428240,VS0,VE0',
285 silly get     vary: 'Accept-Encoding' } ]
286 verbose etag https://registry.npmjs.org/nativescript-dev-android-snapshot from cache
287 verbose get saving nativescript-dev-android-snapshot to C:\Users\User\AppData\Roaming\npm-cache\registry.npmjs.org\nativescript-dev-android-snapshot\.cache.json
288 verbose correctMkdir C:\Users\User\AppData\Roaming\npm-cache correctMkdir not in flight; initializing
289 http 304 https://registry.npmjs.org/babylon
290 verbose headers { date: 'Fri, 24 Feb 2017 07:14:54 GMT',
290 verbose headers   via: '1.1 varnish',
290 verbose headers   'cache-control': 'max-age=300',
290 verbose headers   etag: 'W/"58aeffe2-320d0"',
290 verbose headers   age: '35',
290 verbose headers   connection: 'keep-alive',
290 verbose headers   'x-served-by': 'cache-ams4420-AMS',
290 verbose headers   'x-cache': 'HIT',
290 verbose headers   'x-cache-hits': '1',
290 verbose headers   'x-timer': 'S1487920494.427941,VS0,VE0',
290 verbose headers   vary: 'Accept-Encoding' }
291 silly get cb [ 304,
291 silly get   { date: 'Fri, 24 Feb 2017 07:14:54 GMT',
291 silly get     via: '1.1 varnish',
291 silly get     'cache-control': 'max-age=300',
291 silly get     etag: 'W/"58aeffe2-320d0"',
291 silly get     age: '35',
291 silly get     connection: 'keep-alive',
291 silly get     'x-served-by': 'cache-ams4420-AMS',
291 silly get     'x-cache': 'HIT',
291 silly get     'x-cache-hits': '1',
291 silly get     'x-timer': 'S1487920494.427941,VS0,VE0',
291 silly get     vary: 'Accept-Encoding' } ]
292 verbose etag https://registry.npmjs.org/babylon from cache
293 verbose get saving babylon to C:\Users\User\AppData\Roaming\npm-cache\registry.npmjs.org\babylon\.cache.json
294 verbose correctMkdir C:\Users\User\AppData\Roaming\npm-cache correctMkdir not in flight; initializing
295 verbose get https://registry.npmjs.org/lazy not expired, no request
296 silly cache afterAdd lazy@1.0.11
297 verbose afterAdd C:\Users\User\AppData\Roaming\npm-cache\lazy\1.0.11\package\package.json not in flight; writing
298 verbose correctMkdir C:\Users\User\AppData\Roaming\npm-cache correctMkdir not in flight; initializing
299 silly resolveWithNewModule nativescript-dev-android-snapshot@0.0.6 checking installable status
300 silly cache add args [ 'nativescript-dev-android-snapshot@^0.*.*', null ]
301 verbose cache add spec nativescript-dev-android-snapshot@^0.*.*
302 silly cache add parsed spec Result {
302 silly cache add   raw: 'nativescript-dev-android-snapshot@^0.*.*',
302 silly cache add   scope: null,
302 silly cache add   escapedName: 'nativescript-dev-android-snapshot',
302 silly cache add   name: 'nativescript-dev-android-snapshot',
302 silly cache add   rawSpec: '^0.*.*',
302 silly cache add   spec: '>=0.0.0 <1.0.0',
302 silly cache add   type: 'range' }
303 silly addNamed nativescript-dev-android-snapshot@>=0.0.0 <1.0.0
304 verbose addNamed ">=0.0.0 <1.0.0" is a valid semver range for nativescript-dev-android-snapshot
305 silly addNameRange { name: 'nativescript-dev-android-snapshot',
305 silly addNameRange   range: '>=0.0.0 <1.0.0',
305 silly addNameRange   hasData: false }
306 silly mapToRegistry name nativescript-dev-android-snapshot
307 silly mapToRegistry using default registry
308 silly mapToRegistry registry https://registry.npmjs.org/
309 silly mapToRegistry data Result {
309 silly mapToRegistry   raw: 'nativescript-dev-android-snapshot',
309 silly mapToRegistry   scope: null,
309 silly mapToRegistry   escapedName: 'nativescript-dev-android-snapshot',
309 silly mapToRegistry   name: 'nativescript-dev-android-snapshot',
309 silly mapToRegistry   rawSpec: '',
309 silly mapToRegistry   spec: 'latest',
309 silly mapToRegistry   type: 'tag' }
310 silly mapToRegistry uri https://registry.npmjs.org/nativescript-dev-android-snapshot
311 verbose addNameRange registry:https://registry.npmjs.org/nativescript-dev-android-snapshot not in flight; fetching
312 verbose afterAdd C:\Users\User\AppData\Roaming\npm-cache\lazy\1.0.11\package\package.json written
313 verbose get https://registry.npmjs.org/nativescript-dev-android-snapshot not expired, no request
314 silly addNameRange number 2 { name: 'nativescript-dev-android-snapshot',
314 silly addNameRange   range: '>=0.0.0 <1.0.0',
314 silly addNameRange   hasData: true }
315 silly addNameRange versions [ 'nativescript-dev-android-snapshot',
315 silly addNameRange   [ '0.0.1', '0.0.2', '0.0.3', '0.0.4', '0.0.5', '0.0.6' ] ]
316 silly addNamed nativescript-dev-android-snapshot@0.0.6
317 verbose addNamed "0.0.6" is a plain semver version for nativescript-dev-android-snapshot
318 silly cache afterAdd nativescript-dev-android-snapshot@0.0.6
319 verbose afterAdd C:\Users\User\AppData\Roaming\npm-cache\nativescript-dev-android-snapshot\0.0.6\package\package.json not in flight; writing
320 verbose correctMkdir C:\Users\User\AppData\Roaming\npm-cache correctMkdir not in flight; initializing
321 verbose afterAdd C:\Users\User\AppData\Roaming\npm-cache\nativescript-dev-android-snapshot\0.0.6\package\package.json written
322 silly resolveWithNewModule babylon@6.15.0 checking installable status
323 silly cache add args [ 'babylon@6.15.0', null ]
324 verbose cache add spec babylon@6.15.0
325 silly cache add parsed spec Result {
325 silly cache add   raw: 'babylon@6.15.0',
325 silly cache add   scope: null,
325 silly cache add   escapedName: 'babylon',
325 silly cache add   name: 'babylon',
325 silly cache add   rawSpec: '6.15.0',
325 silly cache add   spec: '6.15.0',
325 silly cache add   type: 'version' }
326 silly addNamed babylon@6.15.0
327 verbose addNamed "6.15.0" is a plain semver version for babylon
328 silly mapToRegistry name babylon
329 silly mapToRegistry using default registry
330 silly mapToRegistry registry https://registry.npmjs.org/
331 silly mapToRegistry data Result {
331 silly mapToRegistry   raw: 'babylon',
331 silly mapToRegistry   scope: null,
331 silly mapToRegistry   escapedName: 'babylon',
331 silly mapToRegistry   name: 'babylon',
331 silly mapToRegistry   rawSpec: '',
331 silly mapToRegistry   spec: 'latest',
331 silly mapToRegistry   type: 'tag' }
332 silly mapToRegistry uri https://registry.npmjs.org/babylon
333 verbose addNameVersion registry:https://registry.npmjs.org/babylon not in flight; fetching
334 verbose get https://registry.npmjs.org/babylon not expired, no request
335 silly mapToRegistry name babylon
336 silly mapToRegistry using default registry
337 silly mapToRegistry registry https://registry.npmjs.org/
338 silly mapToRegistry data Result {
338 silly mapToRegistry   raw: 'babylon',
338 silly mapToRegistry   scope: null,
338 silly mapToRegistry   escapedName: 'babylon',
338 silly mapToRegistry   name: 'babylon',
338 silly mapToRegistry   rawSpec: '',
338 silly mapToRegistry   spec: 'latest',
338 silly mapToRegistry   type: 'tag' }
339 silly mapToRegistry uri https://registry.npmjs.org/babylon
340 verbose addRemoteTarball https://registry.npmjs.org/babylon/-/babylon-6.15.0.tgz not in flight; adding
341 verbose addRemoteTarball [ 'https://registry.npmjs.org/babylon/-/babylon-6.15.0.tgz',
341 verbose addRemoteTarball   'ba65cfa1a80e1759b0e89fb562e27dccae70348e' ]
342 info retry fetch attempt 1 at 12:59:51 PM
343 info attempt registry request try #1 at 12:59:51 PM
344 http fetch GET https://registry.npmjs.org/babylon/-/babylon-6.15.0.tgz
345 http fetch 200 https://registry.npmjs.org/babylon/-/babylon-6.15.0.tgz
346 silly fetchAndShaCheck shasum ba65cfa1a80e1759b0e89fb562e27dccae70348e
347 verbose addTmpTarball C:\Users\User\AppData\Local\Temp\npm-10568-b9e0c26d\registry.npmjs.org\babylon\-\babylon-6.15.0.tgz not in flight; adding
348 verbose addTmpTarball already have metadata; skipping unpack for babylon@6.15.0
349 verbose correctMkdir C:\Users\User\AppData\Roaming\npm-cache correctMkdir not in flight; initializing
350 silly cache afterAdd babylon@6.15.0
351 verbose afterAdd C:\Users\User\AppData\Roaming\npm-cache\babylon\6.15.0\package\package.json not in flight; writing
352 verbose correctMkdir C:\Users\User\AppData\Roaming\npm-cache correctMkdir not in flight; initializing
353 verbose afterAdd C:\Users\User\AppData\Roaming\npm-cache\babylon\6.15.0\package\package.json written
354 silly fetchNamedPackageData babel-code-frame
355 silly mapToRegistry name babel-code-frame
356 silly mapToRegistry using default registry
357 silly mapToRegistry registry https://registry.npmjs.org/
358 silly mapToRegistry data Result {
358 silly mapToRegistry   raw: 'babel-code-frame',
358 silly mapToRegistry   scope: null,
358 silly mapToRegistry   escapedName: 'babel-code-frame',
358 silly mapToRegistry   name: 'babel-code-frame',
358 silly mapToRegistry   rawSpec: '',
358 silly mapToRegistry   spec: 'latest',
358 silly mapToRegistry   type: 'tag' }
359 silly mapToRegistry uri https://registry.npmjs.org/babel-code-frame
360 silly fetchNamedPackageData babel-messages
361 silly mapToRegistry name babel-messages
362 silly mapToRegistry using default registry
363 silly mapToRegistry registry https://registry.npmjs.org/
364 silly mapToRegistry data Result {
364 silly mapToRegistry   raw: 'babel-messages',
364 silly mapToRegistry   scope: null,
364 silly mapToRegistry   escapedName: 'babel-messages',
364 silly mapToRegistry   name: 'babel-messages',
364 silly mapToRegistry   rawSpec: '',
364 silly mapToRegistry   spec: 'latest',
364 silly mapToRegistry   type: 'tag' }
365 silly mapToRegistry uri https://registry.npmjs.org/babel-messages
366 silly fetchNamedPackageData babel-runtime
367 silly mapToRegistry name babel-runtime
368 silly mapToRegistry using default registry
369 silly mapToRegistry registry https://registry.npmjs.org/
370 silly mapToRegistry data Result {
370 silly mapToRegistry   raw: 'babel-runtime',
370 silly mapToRegistry   scope: null,
370 silly mapToRegistry   escapedName: 'babel-runtime',
370 silly mapToRegistry   name: 'babel-runtime',
370 silly mapToRegistry   rawSpec: '',
370 silly mapToRegistry   spec: 'latest',
370 silly mapToRegistry   type: 'tag' }
371 silly mapToRegistry uri https://registry.npmjs.org/babel-runtime
372 silly fetchNamedPackageData debug
373 silly mapToRegistry name debug
374 silly mapToRegistry using default registry
375 silly mapToRegistry registry https://registry.npmjs.org/
376 silly mapToRegistry data Result {
376 silly mapToRegistry   raw: 'debug',
376 silly mapToRegistry   scope: null,
376 silly mapToRegistry   escapedName: 'debug',
376 silly mapToRegistry   name: 'debug',
376 silly mapToRegistry   rawSpec: '',
376 silly mapToRegistry   spec: 'latest',
376 silly mapToRegistry   type: 'tag' }
377 silly mapToRegistry uri https://registry.npmjs.org/debug
378 silly fetchNamedPackageData globals
379 silly mapToRegistry name globals
380 silly mapToRegistry using default registry
381 silly mapToRegistry registry https://registry.npmjs.org/
382 silly mapToRegistry data Result {
382 silly mapToRegistry   raw: 'globals',
382 silly mapToRegistry   scope: null,
382 silly mapToRegistry   escapedName: 'globals',
382 silly mapToRegistry   name: 'globals',
382 silly mapToRegistry   rawSpec: '',
382 silly mapToRegistry   spec: 'latest',
382 silly mapToRegistry   type: 'tag' }
383 silly mapToRegistry uri https://registry.npmjs.org/globals
384 silly fetchNamedPackageData invariant
385 silly mapToRegistry name invariant
386 silly mapToRegistry using default registry
387 silly mapToRegistry registry https://registry.npmjs.org/
388 silly mapToRegistry data Result {
388 silly mapToRegistry   raw: 'invariant',
388 silly mapToRegistry   scope: null,
388 silly mapToRegistry   escapedName: 'invariant',
388 silly mapToRegistry   name: 'invariant',
388 silly mapToRegistry   rawSpec: '',
388 silly mapToRegistry   spec: 'latest',
388 silly mapToRegistry   type: 'tag' }
389 silly mapToRegistry uri https://registry.npmjs.org/invariant
390 silly fetchNamedPackageData lodash
391 silly mapToRegistry name lodash
392 silly mapToRegistry using default registry
393 silly mapToRegistry registry https://registry.npmjs.org/
394 silly mapToRegistry data Result {
394 silly mapToRegistry   raw: 'lodash',
394 silly mapToRegistry   scope: null,
394 silly mapToRegistry   escapedName: 'lodash',
394 silly mapToRegistry   name: 'lodash',
394 silly mapToRegistry   rawSpec: '',
394 silly mapToRegistry   spec: 'latest',
394 silly mapToRegistry   type: 'tag' }
395 silly mapToRegistry uri https://registry.npmjs.org/lodash
396 verbose request uri https://registry.npmjs.org/babel-code-frame
397 verbose request no auth needed
398 info attempt registry request try #1 at 12:59:53 PM
399 http request GET https://registry.npmjs.org/babel-code-frame
400 verbose request uri https://registry.npmjs.org/babel-messages
401 verbose request no auth needed
402 info attempt registry request try #1 at 12:59:53 PM
403 http request GET https://registry.npmjs.org/babel-messages
404 verbose request uri https://registry.npmjs.org/babel-runtime
405 verbose request no auth needed
406 info attempt registry request try #1 at 12:59:53 PM
407 http request GET https://registry.npmjs.org/babel-runtime
408 verbose request uri https://registry.npmjs.org/globals
409 verbose request no auth needed
410 info attempt registry request try #1 at 12:59:53 PM
411 http request GET https://registry.npmjs.org/globals
412 verbose request uri https://registry.npmjs.org/invariant
413 verbose request no auth needed
414 info attempt registry request try #1 at 12:59:53 PM
415 http request GET https://registry.npmjs.org/invariant
416 verbose request uri https://registry.npmjs.org/lodash
417 verbose request no auth needed
418 info attempt registry request try #1 at 12:59:53 PM
419 verbose etag W/"58ad7d2e-28f8a"
420 verbose lastModified Wed, 22 Feb 2017 11:59:42 GMT
421 http request GET https://registry.npmjs.org/lodash
422 verbose request uri https://registry.npmjs.org/debug
423 verbose request no auth needed
424 info attempt registry request try #1 at 12:59:53 PM
425 verbose etag W/"58a467da-10453"
426 verbose lastModified Wed, 15 Feb 2017 14:38:18 GMT
427 http request GET https://registry.npmjs.org/debug
428 http 200 https://registry.npmjs.org/globals
429 verbose headers { server: 'nginx/1.10.1',
429 verbose headers   'content-type': 'application/json',
429 verbose headers   'last-modified': 'Tue, 21 Feb 2017 01:53:17 GMT',
429 verbose headers   etag: 'W/"58ab9d8d-11b06"',
429 verbose headers   'content-encoding': 'gzip',
429 verbose headers   'cache-control': 'max-age=300',
429 verbose headers   'content-length': '7271',
429 verbose headers   'accept-ranges': 'bytes',
429 verbose headers   date: 'Fri, 24 Feb 2017 07:14:56 GMT',
429 verbose headers   via: '1.1 varnish',
429 verbose headers   age: '172',
429 verbose headers   connection: 'keep-alive',
429 verbose headers   'x-served-by': 'cache-ams4420-AMS',
429 verbose headers   'x-cache': 'HIT',
429 verbose headers   'x-cache-hits': '2',
429 verbose headers   'x-timer': 'S1487920496.980331,VS0,VE0',
429 verbose headers   vary: 'Accept-Encoding' }
430 silly get cb [ 200,
430 silly get   { server: 'nginx/1.10.1',
430 silly get     'content-type': 'application/json',
430 silly get     'last-modified': 'Tue, 21 Feb 2017 01:53:17 GMT',
430 silly get     etag: 'W/"58ab9d8d-11b06"',
430 silly get     'content-encoding': 'gzip',
430 silly get     'cache-control': 'max-age=300',
430 silly get     'content-length': '7271',
430 silly get     'accept-ranges': 'bytes',
430 silly get     date: 'Fri, 24 Feb 2017 07:14:56 GMT',
430 silly get     via: '1.1 varnish',
430 silly get     age: '172',
430 silly get     connection: 'keep-alive',
430 silly get     'x-served-by': 'cache-ams4420-AMS',
430 silly get     'x-cache': 'HIT',
430 silly get     'x-cache-hits': '2',
430 silly get     'x-timer': 'S1487920496.980331,VS0,VE0',
430 silly get     vary: 'Accept-Encoding' } ]
431 verbose get saving globals to C:\Users\User\AppData\Roaming\npm-cache\registry.npmjs.org\globals\.cache.json
432 verbose correctMkdir C:\Users\User\AppData\Roaming\npm-cache correctMkdir not in flight; initializing
433 silly resolveWithNewModule globals@9.16.0 checking installable status
434 silly cache add args [ 'globals@^9.0.0', null ]
435 verbose cache add spec globals@^9.0.0
436 silly cache add parsed spec Result {
436 silly cache add   raw: 'globals@^9.0.0',
436 silly cache add   scope: null,
436 silly cache add   escapedName: 'globals',
436 silly cache add   name: 'globals',
436 silly cache add   rawSpec: '^9.0.0',
436 silly cache add   spec: '>=9.0.0 <10.0.0',
436 silly cache add   type: 'range' }
437 silly addNamed globals@>=9.0.0 <10.0.0
438 verbose addNamed ">=9.0.0 <10.0.0" is a valid semver range for globals
439 silly addNameRange { name: 'globals', range: '>=9.0.0 <10.0.0', hasData: false }
440 silly mapToRegistry name globals
441 silly mapToRegistry using default registry
442 silly mapToRegistry registry https://registry.npmjs.org/
443 silly mapToRegistry data Result {
443 silly mapToRegistry   raw: 'globals',
443 silly mapToRegistry   scope: null,
443 silly mapToRegistry   escapedName: 'globals',
443 silly mapToRegistry   name: 'globals',
443 silly mapToRegistry   rawSpec: '',
443 silly mapToRegistry   spec: 'latest',
443 silly mapToRegistry   type: 'tag' }
444 silly mapToRegistry uri https://registry.npmjs.org/globals
445 verbose addNameRange registry:https://registry.npmjs.org/globals not in flight; fetching
446 verbose get https://registry.npmjs.org/globals not expired, no request
447 silly addNameRange number 2 { name: 'globals', range: '>=9.0.0 <10.0.0', hasData: true }
448 silly addNameRange versions [ 'globals',
448 silly addNameRange   [ '0.1.0',
448 silly addNameRange     '0.1.1',
448 silly addNameRange     '1.0.0',
448 silly addNameRange     '2.0.0',
448 silly addNameRange     '3.0.0',
448 silly addNameRange     '4.0.0',
448 silly addNameRange     '5.0.0',
448 silly addNameRange     '5.1.0',
448 silly addNameRange     '6.0.0',
448 silly addNameRange     '6.1.0',
448 silly addNameRange     '6.2.0',
448 silly addNameRange     '6.3.0',
448 silly addNameRange     '6.4.0',
448 silly addNameRange     '6.4.1',
448 silly addNameRange     '7.0.0',
448 silly addNameRange     '7.1.0',
448 silly addNameRange     '8.0.0',
448 silly addNameRange     '8.1.0',
448 silly addNameRange     '8.2.0',
448 silly addNameRange     '8.3.0',
448 silly addNameRange     '8.4.0',
448 silly addNameRange     '8.5.0',
448 silly addNameRange     '8.6.0',
448 silly addNameRange     '8.7.0',
448 silly addNameRange     '8.8.0',
448 silly addNameRange     '8.9.0',
448 silly addNameRange     '8.10.0',
448 silly addNameRange     '8.11.0',
448 silly addNameRange     '8.12.0',
448 silly addNameRange     '8.12.1',
448 silly addNameRange     '8.13.0',
448 silly addNameRange     '8.14.0',
448 silly addNameRange     '8.15.0',
448 silly addNameRange     '8.16.0',
448 silly addNameRange     '8.17.0',
448 silly addNameRange     '8.18.0',
448 silly addNameRange     '9.0.0',
448 silly addNameRange     '9.1.0',
448 silly addNameRange     '9.2.0',
448 silly addNameRange     '9.3.0',
448 silly addNameRange     '9.4.0',
448 silly addNameRange     '9.5.0',
448 silly addNameRange     '9.6.0',
448 silly addNameRange     '9.7.0',
448 silly addNameRange     '9.8.0',
448 silly addNameRange     '9.9.0',
448 silly addNameRange     '9.10.0',
448 silly addNameRange     '9.11.0',
448 silly addNameRange     '9.12.0',
448 silly addNameRange     '9.13.0',
448 silly addNameRange     '9.14.0',
448 silly addNameRange     '9.15.0',
448 silly addNameRange     '9.16.0' ] ]
449 silly addNamed globals@9.16.0
450 verbose addNamed "9.16.0" is a plain semver version for globals
451 silly mapToRegistry name globals
452 silly mapToRegistry using default registry
453 silly mapToRegistry registry https://registry.npmjs.org/
454 silly mapToRegistry data Result {
454 silly mapToRegistry   raw: 'globals',
454 silly mapToRegistry   scope: null,
454 silly mapToRegistry   escapedName: 'globals',
454 silly mapToRegistry   name: 'globals',
454 silly mapToRegistry   rawSpec: '',
454 silly mapToRegistry   spec: 'latest',
454 silly mapToRegistry   type: 'tag' }
455 silly mapToRegistry uri https://registry.npmjs.org/globals
456 verbose addRemoteTarball https://registry.npmjs.org/globals/-/globals-9.16.0.tgz not in flight; adding
457 verbose addRemoteTarball [ 'https://registry.npmjs.org/globals/-/globals-9.16.0.tgz',
457 verbose addRemoteTarball   '63e903658171ec2d9f51b1d31de5e2b8dc01fb80' ]
458 info retry fetch attempt 1 at 12:59:53 PM
459 info attempt registry request try #1 at 12:59:53 PM
460 http fetch GET https://registry.npmjs.org/globals/-/globals-9.16.0.tgz
461 http 200 https://registry.npmjs.org/invariant
462 verbose headers { server: 'nginx/1.10.1',
462 verbose headers   'content-type': 'application/json',
462 verbose headers   'last-modified': 'Tue, 15 Nov 2016 12:02:03 GMT',
462 verbose headers   etag: 'W/"582af93b-3b2b"',
462 verbose headers   'content-encoding': 'gzip',
462 verbose headers   'cache-control': 'max-age=300',
462 verbose headers   'content-length': '2802',
462 verbose headers   'accept-ranges': 'bytes',
462 verbose headers   date: 'Fri, 24 Feb 2017 07:14:56 GMT',
462 verbose headers   via: '1.1 varnish',
462 verbose headers   age: '189',
462 verbose headers   connection: 'keep-alive',
462 verbose headers   'x-served-by': 'cache-ams4435-AMS',
462 verbose headers   'x-cache': 'HIT',
462 verbose headers   'x-cache-hits': '1',
462 verbose headers   'x-timer': 'S1487920496.980488,VS0,VE4',
462 verbose headers   vary: 'Accept-Encoding' }
463 silly get cb [ 200,
463 silly get   { server: 'nginx/1.10.1',
463 silly get     'content-type': 'application/json',
463 silly get     'last-modified': 'Tue, 15 Nov 2016 12:02:03 GMT',
463 silly get     etag: 'W/"582af93b-3b2b"',
463 silly get     'content-encoding': 'gzip',
463 silly get     'cache-control': 'max-age=300',
463 silly get     'content-length': '2802',
463 silly get     'accept-ranges': 'bytes',
463 silly get     date: 'Fri, 24 Feb 2017 07:14:56 GMT',
463 silly get     via: '1.1 varnish',
463 silly get     age: '189',
463 silly get     connection: 'keep-alive',
463 silly get     'x-served-by': 'cache-ams4435-AMS',
463 silly get     'x-cache': 'HIT',
463 silly get     'x-cache-hits': '1',
463 silly get     'x-timer': 'S1487920496.980488,VS0,VE4',
463 silly get     vary: 'Accept-Encoding' } ]
464 verbose get saving invariant to C:\Users\User\AppData\Roaming\npm-cache\registry.npmjs.org\invariant\.cache.json
465 verbose correctMkdir C:\Users\User\AppData\Roaming\npm-cache correctMkdir not in flight; initializing
466 silly resolveWithNewModule invariant@2.2.2 checking installable status
467 silly cache add args [ 'invariant@^2.2.0', null ]
468 verbose cache add spec invariant@^2.2.0
469 silly cache add parsed spec Result {
469 silly cache add   raw: 'invariant@^2.2.0',
469 silly cache add   scope: null,
469 silly cache add   escapedName: 'invariant',
469 silly cache add   name: 'invariant',
469 silly cache add   rawSpec: '^2.2.0',
469 silly cache add   spec: '>=2.2.0 <3.0.0',
469 silly cache add   type: 'range' }
470 silly addNamed invariant@>=2.2.0 <3.0.0
471 verbose addNamed ">=2.2.0 <3.0.0" is a valid semver range for invariant
472 silly addNameRange { name: 'invariant', range: '>=2.2.0 <3.0.0', hasData: false }
473 silly mapToRegistry name invariant
474 silly mapToRegistry using default registry
475 silly mapToRegistry registry https://registry.npmjs.org/
476 silly mapToRegistry data Result {
476 silly mapToRegistry   raw: 'invariant',
476 silly mapToRegistry   scope: null,
476 silly mapToRegistry   escapedName: 'invariant',
476 silly mapToRegistry   name: 'invariant',
476 silly mapToRegistry   rawSpec: '',
476 silly mapToRegistry   spec: 'latest',
476 silly mapToRegistry   type: 'tag' }
477 silly mapToRegistry uri https://registry.npmjs.org/invariant
478 verbose addNameRange registry:https://registry.npmjs.org/invariant not in flight; fetching
479 verbose get https://registry.npmjs.org/invariant not expired, no request
480 silly addNameRange number 2 { name: 'invariant', range: '>=2.2.0 <3.0.0', hasData: true }
481 silly addNameRange versions [ 'invariant',
481 silly addNameRange   [ '1.0.0',
481 silly addNameRange     '1.0.1',
481 silly addNameRange     '1.0.2',
481 silly addNameRange     '2.0.0',
481 silly addNameRange     '2.1.0',
481 silly addNameRange     '2.1.1',
481 silly addNameRange     '2.1.2',
481 silly addNameRange     '2.1.3',
481 silly addNameRange     '2.2.0',
481 silly addNameRange     '2.2.1',
481 silly addNameRange     '2.2.2' ] ]
482 silly addNamed invariant@2.2.2
483 verbose addNamed "2.2.2" is a plain semver version for invariant
484 silly mapToRegistry name invariant
485 silly mapToRegistry using default registry
486 silly mapToRegistry registry https://registry.npmjs.org/
487 silly mapToRegistry data Result {
487 silly mapToRegistry   raw: 'invariant',
487 silly mapToRegistry   scope: null,
487 silly mapToRegistry   escapedName: 'invariant',
487 silly mapToRegistry   name: 'invariant',
487 silly mapToRegistry   rawSpec: '',
487 silly mapToRegistry   spec: 'latest',
487 silly mapToRegistry   type: 'tag' }
488 silly mapToRegistry uri https://registry.npmjs.org/invariant
489 verbose addRemoteTarball https://registry.npmjs.org/invariant/-/invariant-2.2.2.tgz not in flight; adding
490 verbose addRemoteTarball [ 'https://registry.npmjs.org/invariant/-/invariant-2.2.2.tgz',
490 verbose addRemoteTarball   '9e1f56ac0acdb6bf303306f338be3b204ae60360' ]
491 info retry fetch attempt 1 at 12:59:54 PM
492 info attempt registry request try #1 at 12:59:54 PM
493 http fetch GET https://registry.npmjs.org/invariant/-/invariant-2.2.2.tgz
494 http fetch 200 https://registry.npmjs.org/globals/-/globals-9.16.0.tgz
495 silly fetchAndShaCheck shasum 63e903658171ec2d9f51b1d31de5e2b8dc01fb80
496 verbose addTmpTarball C:\Users\User\AppData\Local\Temp\npm-10568-b9e0c26d\registry.npmjs.org\globals\-\globals-9.16.0.tgz not in flight; adding
497 verbose addTmpTarball already have metadata; skipping unpack for globals@9.16.0
498 verbose correctMkdir C:\Users\User\AppData\Roaming\npm-cache correctMkdir not in flight; initializing
499 silly cache afterAdd globals@9.16.0
500 verbose afterAdd C:\Users\User\AppData\Roaming\npm-cache\globals\9.16.0\package\package.json not in flight; writing
501 verbose correctMkdir C:\Users\User\AppData\Roaming\npm-cache correctMkdir not in flight; initializing
502 verbose afterAdd C:\Users\User\AppData\Roaming\npm-cache\globals\9.16.0\package\package.json written
503 http 200 https://registry.npmjs.org/babel-messages
504 verbose headers { server: 'nginx/1.10.1',
504 verbose headers   'content-type': 'application/json',
504 verbose headers   'last-modified': 'Tue, 14 Feb 2017 01:14:41 GMT',
504 verbose headers   etag: 'W/"58a25a01-7d13"',
504 verbose headers   'content-encoding': 'gzip',
504 verbose headers   'cache-control': 'max-age=300',
504 verbose headers   'content-length': '3161',
504 verbose headers   'accept-ranges': 'bytes',
504 verbose headers   date: 'Fri, 24 Feb 2017 07:14:56 GMT',
504 verbose headers   via: '1.1 varnish',
504 verbose headers   age: '259',
504 verbose headers   connection: 'keep-alive',
504 verbose headers   'x-served-by': 'cache-ams4140-AMS',
504 verbose headers   'x-cache': 'HIT',
504 verbose headers   'x-cache-hits': '1',
504 verbose headers   'x-timer': 'S1487920496.979599,VS0,VE0',
504 verbose headers   vary: 'Accept-Encoding' }
505 silly get cb [ 200,
505 silly get   { server: 'nginx/1.10.1',
505 silly get     'content-type': 'application/json',
505 silly get     'last-modified': 'Tue, 14 Feb 2017 01:14:41 GMT',
505 silly get     etag: 'W/"58a25a01-7d13"',
505 silly get     'content-encoding': 'gzip',
505 silly get     'cache-control': 'max-age=300',
505 silly get     'content-length': '3161',
505 silly get     'accept-ranges': 'bytes',
505 silly get     date: 'Fri, 24 Feb 2017 07:14:56 GMT',
505 silly get     via: '1.1 varnish',
505 silly get     age: '259',
505 silly get     connection: 'keep-alive',
505 silly get     'x-served-by': 'cache-ams4140-AMS',
505 silly get     'x-cache': 'HIT',
505 silly get     'x-cache-hits': '1',
505 silly get     'x-timer': 'S1487920496.979599,VS0,VE0',
505 silly get     vary: 'Accept-Encoding' } ]
506 verbose get saving babel-messages to C:\Users\User\AppData\Roaming\npm-cache\registry.npmjs.org\babel-messages\.cache.json
507 verbose correctMkdir C:\Users\User\AppData\Roaming\npm-cache correctMkdir not in flight; initializing
508 silly resolveWithNewModule babel-messages@6.23.0 checking installable status
509 silly cache add args [ 'babel-messages@^6.23.0', null ]
510 verbose cache add spec babel-messages@^6.23.0
511 silly cache add parsed spec Result {
511 silly cache add   raw: 'babel-messages@^6.23.0',
511 silly cache add   scope: null,
511 silly cache add   escapedName: 'babel-messages',
511 silly cache add   name: 'babel-messages',
511 silly cache add   rawSpec: '^6.23.0',
511 silly cache add   spec: '>=6.23.0 <7.0.0',
511 silly cache add   type: 'range' }
512 silly addNamed babel-messages@>=6.23.0 <7.0.0
513 verbose addNamed ">=6.23.0 <7.0.0" is a valid semver range for babel-messages
514 silly addNameRange { name: 'babel-messages',
514 silly addNameRange   range: '>=6.23.0 <7.0.0',
514 silly addNameRange   hasData: false }
515 silly mapToRegistry name babel-messages
516 silly mapToRegistry using default registry
517 silly mapToRegistry registry https://registry.npmjs.org/
518 silly mapToRegistry data Result {
518 silly mapToRegistry   raw: 'babel-messages',
518 silly mapToRegistry   scope: null,
518 silly mapToRegistry   escapedName: 'babel-messages',
518 silly mapToRegistry   name: 'babel-messages',
518 silly mapToRegistry   rawSpec: '',
518 silly mapToRegistry   spec: 'latest',
518 silly mapToRegistry   type: 'tag' }
519 silly mapToRegistry uri https://registry.npmjs.org/babel-messages
520 verbose addNameRange registry:https://registry.npmjs.org/babel-messages not in flight; fetching
521 http 200 https://registry.npmjs.org/lodash
522 verbose headers { server: 'nginx/1.10.1',
522 verbose headers   'content-type': 'application/json',
522 verbose headers   'last-modified': 'Fri, 24 Feb 2017 04:21:06 GMT',
522 verbose headers   etag: 'W/"58afb4b2-28f9f"',
522 verbose headers   'content-encoding': 'gzip',
522 verbose headers   'cache-control': 'max-age=300',
522 verbose headers   'content-length': '16959',
522 verbose headers   'accept-ranges': 'bytes',
522 verbose headers   date: 'Fri, 24 Feb 2017 07:14:57 GMT',
522 verbose headers   via: '1.1 varnish',
522 verbose headers   age: '181',
522 verbose headers   connection: 'keep-alive',
522 verbose headers   'x-served-by': 'cache-ams4129-AMS',
522 verbose headers   'x-cache': 'HIT',
522 verbose headers   'x-cache-hits': '3',
522 verbose headers   'x-timer': 'S1487920497.406570,VS0,VE0',
522 verbose headers   vary: 'Accept-Encoding' }
523 silly get cb [ 200,
523 silly get   { server: 'nginx/1.10.1',
523 silly get     'content-type': 'application/json',
523 silly get     'last-modified': 'Fri, 24 Feb 2017 04:21:06 GMT',
523 silly get     etag: 'W/"58afb4b2-28f9f"',
523 silly get     'content-encoding': 'gzip',
523 silly get     'cache-control': 'max-age=300',
523 silly get     'content-length': '16959',
523 silly get     'accept-ranges': 'bytes',
523 silly get     date: 'Fri, 24 Feb 2017 07:14:57 GMT',
523 silly get     via: '1.1 varnish',
523 silly get     age: '181',
523 silly get     connection: 'keep-alive',
523 silly get     'x-served-by': 'cache-ams4129-AMS',
523 silly get     'x-cache': 'HIT',
523 silly get     'x-cache-hits': '3',
523 silly get     'x-timer': 'S1487920497.406570,VS0,VE0',
523 silly get     vary: 'Accept-Encoding' } ]
524 verbose get saving lodash to C:\Users\User\AppData\Roaming\npm-cache\registry.npmjs.org\lodash\.cache.json
525 verbose correctMkdir C:\Users\User\AppData\Roaming\npm-cache correctMkdir not in flight; initializing
526 verbose get https://registry.npmjs.org/babel-messages not expired, no request
527 silly addNameRange number 2 { name: 'babel-messages',
527 silly addNameRange   range: '>=6.23.0 <7.0.0',
527 silly addNameRange   hasData: true }
528 silly addNameRange versions [ 'babel-messages',
528 silly addNameRange   [ '6.0.0',
528 silly addNameRange     '6.0.2',
528 silly addNameRange     '6.0.12',
528 silly addNameRange     '6.0.14',
528 silly addNameRange     '6.0.15',
528 silly addNameRange     '6.1.4',
528 silly addNameRange     '6.1.5',
528 silly addNameRange     '6.1.6',
528 silly addNameRange     '6.1.7',
528 silly addNameRange     '6.1.8',
528 silly addNameRange     '6.1.9',
528 silly addNameRange     '6.1.10',
528 silly addNameRange     '6.1.12',
528 silly addNameRange     '6.1.13',
528 silly addNameRange     '6.1.16',
528 silly addNameRange     '6.1.17',
528 silly addNameRange     '6.1.18',
528 silly addNameRange     '6.2.0',
528 silly addNameRange     '6.2.1',
528 silly addNameRange     '6.2.4',
528 silly addNameRange     '6.3.13',
528 silly addNameRange     '6.3.18',
528 silly addNameRange     '6.5.0',
528 silly addNameRange     '6.5.0-1',
528 silly addNameRange     '6.6.0',
528 silly addNameRange     '6.6.5',
528 silly addNameRange     '6.7.2',
528 silly addNameRange     '6.8.0',
528 silly addNameRange     '6.22.0',
528 silly addNameRange     '6.23.0' ] ]
529 silly addNamed babel-messages@6.23.0
530 verbose addNamed "6.23.0" is a plain semver version for babel-messages
531 silly mapToRegistry name babel-messages
532 silly mapToRegistry using default registry
533 silly mapToRegistry registry https://registry.npmjs.org/
534 silly mapToRegistry data Result {
534 silly mapToRegistry   raw: 'babel-messages',
534 silly mapToRegistry   scope: null,
534 silly mapToRegistry   escapedName: 'babel-messages',
534 silly mapToRegistry   name: 'babel-messages',
534 silly mapToRegistry   rawSpec: '',
534 silly mapToRegistry   spec: 'latest',
534 silly mapToRegistry   type: 'tag' }
535 silly mapToRegistry uri https://registry.npmjs.org/babel-messages
536 verbose addRemoteTarball https://registry.npmjs.org/babel-messages/-/babel-messages-6.23.0.tgz not in flight; adding
537 verbose addRemoteTarball [ 'https://registry.npmjs.org/babel-messages/-/babel-messages-6.23.0.tgz',
537 verbose addRemoteTarball   'f3cdf4703858035b2a2951c6ec5edf6c62f2630e' ]
538 silly resolveWithNewModule lodash@4.17.4 checking installable status
539 silly cache add args [ 'lodash@^4.2.0', null ]
540 verbose cache add spec lodash@^4.2.0
541 silly cache add parsed spec Result {
541 silly cache add   raw: 'lodash@^4.2.0',
541 silly cache add   scope: null,
541 silly cache add   escapedName: 'lodash',
541 silly cache add   name: 'lodash',
541 silly cache add   rawSpec: '^4.2.0',
541 silly cache add   spec: '>=4.2.0 <5.0.0',
541 silly cache add   type: 'range' }
542 silly addNamed lodash@>=4.2.0 <5.0.0
543 verbose addNamed ">=4.2.0 <5.0.0" is a valid semver range for lodash
544 silly addNameRange { name: 'lodash', range: '>=4.2.0 <5.0.0', hasData: false }
545 silly mapToRegistry name lodash
546 silly mapToRegistry using default registry
547 silly mapToRegistry registry https://registry.npmjs.org/
548 silly mapToRegistry data Result {
548 silly mapToRegistry   raw: 'lodash',
548 silly mapToRegistry   scope: null,
548 silly mapToRegistry   escapedName: 'lodash',
548 silly mapToRegistry   name: 'lodash',
548 silly mapToRegistry   rawSpec: '',
548 silly mapToRegistry   spec: 'latest',
548 silly mapToRegistry   type: 'tag' }
549 silly mapToRegistry uri https://registry.npmjs.org/lodash
550 verbose addNameRange registry:https://registry.npmjs.org/lodash not in flight; fetching
551 info retry fetch attempt 1 at 12:59:54 PM
552 info attempt registry request try #1 at 12:59:54 PM
553 http fetch GET https://registry.npmjs.org/babel-messages/-/babel-messages-6.23.0.tgz
554 http 200 https://registry.npmjs.org/babel-runtime
555 verbose headers { server: 'nginx/1.10.1',
555 verbose headers   'content-type': 'application/json',
555 verbose headers   'last-modified': 'Tue, 14 Feb 2017 19:27:09 GMT',
555 verbose headers   etag: 'W/"58a35a0d-2497e"',
555 verbose headers   'content-encoding': 'gzip',
555 verbose headers   'cache-control': 'max-age=300',
555 verbose headers   'content-length': '12160',
555 verbose headers   'accept-ranges': 'bytes',
555 verbose headers   date: 'Fri, 24 Feb 2017 07:14:56 GMT',
555 verbose headers   via: '1.1 varnish',
555 verbose headers   age: '15',
555 verbose headers   connection: 'keep-alive',
555 verbose headers   'x-served-by': 'cache-ams4146-AMS',
555 verbose headers   'x-cache': 'HIT',
555 verbose headers   'x-cache-hits': '1',
555 verbose headers   'x-timer': 'S1487920496.982374,VS0,VE0',
555 verbose headers   vary: 'Accept-Encoding' }
556 silly get cb [ 200,
556 silly get   { server: 'nginx/1.10.1',
556 silly get     'content-type': 'application/json',
556 silly get     'last-modified': 'Tue, 14 Feb 2017 19:27:09 GMT',
556 silly get     etag: 'W/"58a35a0d-2497e"',
556 silly get     'content-encoding': 'gzip',
556 silly get     'cache-control': 'max-age=300',
556 silly get     'content-length': '12160',
556 silly get     'accept-ranges': 'bytes',
556 silly get     date: 'Fri, 24 Feb 2017 07:14:56 GMT',
556 silly get     via: '1.1 varnish',
556 silly get     age: '15',
556 silly get     connection: 'keep-alive',
556 silly get     'x-served-by': 'cache-ams4146-AMS',
556 silly get     'x-cache': 'HIT',
556 silly get     'x-cache-hits': '1',
556 silly get     'x-timer': 'S1487920496.982374,VS0,VE0',
556 silly get     vary: 'Accept-Encoding' } ]
557 verbose get saving babel-runtime to C:\Users\User\AppData\Roaming\npm-cache\registry.npmjs.org\babel-runtime\.cache.json
558 verbose correctMkdir C:\Users\User\AppData\Roaming\npm-cache correctMkdir not in flight; initializing
559 verbose get https://registry.npmjs.org/lodash not expired, no request
560 silly addNameRange number 2 { name: 'lodash', range: '>=4.2.0 <5.0.0', hasData: true }
561 silly addNameRange versions [ 'lodash',
561 silly addNameRange   [ '0.1.0',
561 silly addNameRange     '0.2.0',
561 silly addNameRange     '0.2.1',
561 silly addNameRange     '0.2.2',
561 silly addNameRange     '0.3.0',
561 silly addNameRange     '0.3.1',
561 silly addNameRange     '0.3.2',
561 silly addNameRange     '0.4.0',
561 silly addNameRange     '0.4.1',
561 silly addNameRange     '0.4.2',
561 silly addNameRange     '0.5.0-rc.1',
561 silly addNameRange     '0.5.0',
561 silly addNameRange     '0.5.1',
561 silly addNameRange     '0.5.2',
561 silly addNameRange     '0.6.0',
561 silly addNameRange     '0.6.1',
561 silly addNameRange     '0.7.0',
561 silly addNameRange     '0.8.0',
561 silly addNameRange     '0.8.1',
561 silly addNameRange     '0.8.2',
561 silly addNameRange     '0.9.0',
561 silly addNameRange     '0.9.1',
561 silly addNameRange     '0.9.2',
561 silly addNameRange     '0.10.0',
561 silly addNameRange     '1.0.0-rc.1',
561 silly addNameRange     '1.0.0-rc.2',
561 silly addNameRange     '1.0.0-rc.3',
561 silly addNameRange     '1.0.0',
561 silly addNameRange     '1.0.1',
561 silly addNameRange     '1.1.0',
561 silly addNameRange     '1.1.1',
561 silly addNameRange     '1.2.0',
561 silly addNameRange     '1.2.1',
561 silly addNameRange     '1.3.0',
561 silly addNameRange     '1.3.1',
561 silly addNameRange     '2.0.0',
561 silly addNameRange     '2.1.0',
561 silly addNameRange     '2.2.0',
561 silly addNameRange     '2.2.1',
561 silly addNameRange     '2.3.0',
561 silly addNameRange     '2.4.0',
561 silly addNameRange     '2.4.1',
561 silly addNameRange     '3.0.0',
561 silly addNameRange     '3.0.1',
561 silly addNameRange     '3.1.0',
561 silly addNameRange     '3.2.0',
561 silly addNameRange     '3.3.0',
561 silly addNameRange     '3.3.1',
561 silly addNameRange     '3.4.0',
561 silly addNameRange     '3.5.0',
561 silly addNameRange     '3.6.0',
561 silly addNameRange     '1.0.2',
561 silly addNameRange     '3.7.0',
561 silly addNameRange     '2.4.2',
561 silly addNameRange     '3.8.0',
561 silly addNameRange     '3.9.0',
561 silly addNameRange     '3.9.1',
561 silly addNameRange     '3.9.2',
561 silly addNameRange     '3.9.3',
561 silly addNameRange     '3.10.0',
561 silly addNameRange     '3.10.1',
561 silly addNameRange     '4.0.0',
561 silly addNameRange     '4.0.1',
561 silly addNameRange     '4.1.0',
561 silly addNameRange     '4.2.0',
561 silly addNameRange     '4.2.1',
561 silly addNameRange     '4.3.0',
561 silly addNameRange     '4.4.0',
561 silly addNameRange     '4.5.0',
561 silly addNameRange     '4.5.1',
561 silly addNameRange     '4.6.0',
561 silly addNameRange     '4.6.1',
561 silly addNameRange     '4.7.0',
561 silly addNameRange     '4.8.0',
561 silly addNameRange     '4.8.1',
561 silly addNameRange     '4.8.2',
561 silly addNameRange     '4.9.0',
561 silly addNameRange     '4.10.0',
561 silly addNameRange     '4.11.0',
561 silly addNameRange     '4.11.1',
561 silly addNameRange     '4.11.2',
561 silly addNameRange     '4.12.0',
561 silly addNameRange     '4.13.0',
561 silly addNameRange     '4.13.1',
561 silly addNameRange     '4.14.0',
561 silly addNameRange     '4.14.1',
561 silly addNameRange     '4.14.2',
561 silly addNameRange     '4.15.0',
561 silly addNameRange     '4.16.0',
561 silly addNameRange     '4.16.1',
561 silly addNameRange     '4.16.2',
561 silly addNameRange     '4.16.3',
561 silly addNameRange     '4.16.4',
561 silly addNameRange     '4.16.5',
561 silly addNameRange     '4.16.6',
561 silly addNameRange     '4.17.0',
561 silly addNameRange     '4.17.1',
561 silly addNameRange     '4.17.2',
561 silly addNameRange     '4.17.3',
561 silly addNameRange     '4.17.4' ] ]
562 silly addNamed lodash@4.17.4
563 verbose addNamed "4.17.4" is a plain semver version for lodash
564 silly mapToRegistry name lodash
565 silly mapToRegistry using default registry
566 silly mapToRegistry registry https://registry.npmjs.org/
567 silly mapToRegistry data Result {
567 silly mapToRegistry   raw: 'lodash',
567 silly mapToRegistry   scope: null,
567 silly mapToRegistry   escapedName: 'lodash',
567 silly mapToRegistry   name: 'lodash',
567 silly mapToRegistry   rawSpec: '',
567 silly mapToRegistry   spec: 'latest',
567 silly mapToRegistry   type: 'tag' }
568 silly mapToRegistry uri https://registry.npmjs.org/lodash
569 verbose addRemoteTarball https://registry.npmjs.org/lodash/-/lodash-4.17.4.tgz not in flight; adding
570 verbose addRemoteTarball [ 'https://registry.npmjs.org/lodash/-/lodash-4.17.4.tgz',
570 verbose addRemoteTarball   '78203a4d1c328ae1d86dca6460e369b57f4055ae' ]
571 http 200 https://registry.npmjs.org/babel-code-frame
572 verbose headers { server: 'nginx/1.10.1',
572 verbose headers   'content-type': 'application/json',
572 verbose headers   'last-modified': 'Fri, 20 Jan 2017 00:34:40 GMT',
572 verbose headers   etag: 'W/"58815b20-ad80"',
572 verbose headers   'content-encoding': 'gzip',
572 verbose headers   'cache-control': 'max-age=300',
572 verbose headers   'content-length': '3949',
572 verbose headers   'accept-ranges': 'bytes',
572 verbose headers   date: 'Fri, 24 Feb 2017 07:14:56 GMT',
572 verbose headers   via: '1.1 varnish',
572 verbose headers   age: '28',
572 verbose headers   connection: 'keep-alive',
572 verbose headers   'x-served-by': 'cache-ams4148-AMS',
572 verbose headers   'x-cache': 'HIT',
572 verbose headers   'x-cache-hits': '1',
572 verbose headers   'x-timer': 'S1487920496.978935,VS0,VE0',
572 verbose headers   vary: 'Accept-Encoding' }
573 silly get cb [ 200,
573 silly get   { server: 'nginx/1.10.1',
573 silly get     'content-type': 'application/json',
573 silly get     'last-modified': 'Fri, 20 Jan 2017 00:34:40 GMT',
573 silly get     etag: 'W/"58815b20-ad80"',
573 silly get     'content-encoding': 'gzip',
573 silly get     'cache-control': 'max-age=300',
573 silly get     'content-length': '3949',
573 silly get     'accept-ranges': 'bytes',
573 silly get     date: 'Fri, 24 Feb 2017 07:14:56 GMT',
573 silly get     via: '1.1 varnish',
573 silly get     age: '28',
573 silly get     connection: 'keep-alive',
573 silly get     'x-served-by': 'cache-ams4148-AMS',
573 silly get     'x-cache': 'HIT',
573 silly get     'x-cache-hits': '1',
573 silly get     'x-timer': 'S1487920496.978935,VS0,VE0',
573 silly get     vary: 'Accept-Encoding' } ]
574 verbose get saving babel-code-frame to C:\Users\User\AppData\Roaming\npm-cache\registry.npmjs.org\babel-code-frame\.cache.json
575 verbose correctMkdir C:\Users\User\AppData\Roaming\npm-cache correctMkdir not in flight; initializing
576 info retry fetch attempt 1 at 12:59:54 PM
577 info attempt registry request try #1 at 12:59:54 PM
578 http fetch GET https://registry.npmjs.org/lodash/-/lodash-4.17.4.tgz
579 silly resolveWithNewModule babel-code-frame@6.22.0 checking installable status
580 silly cache add args [ 'babel-code-frame@^6.22.0', null ]
581 verbose cache add spec babel-code-frame@^6.22.0
582 silly cache add parsed spec Result {
582 silly cache add   raw: 'babel-code-frame@^6.22.0',
582 silly cache add   scope: null,
582 silly cache add   escapedName: 'babel-code-frame',
582 silly cache add   name: 'babel-code-frame',
582 silly cache add   rawSpec: '^6.22.0',
582 silly cache add   spec: '>=6.22.0 <7.0.0',
582 silly cache add   type: 'range' }
583 silly addNamed babel-code-frame@>=6.22.0 <7.0.0
584 verbose addNamed ">=6.22.0 <7.0.0" is a valid semver range for babel-code-frame
585 silly addNameRange { name: 'babel-code-frame',
585 silly addNameRange   range: '>=6.22.0 <7.0.0',
585 silly addNameRange   hasData: false }
586 silly mapToRegistry name babel-code-frame
587 silly mapToRegistry using default registry
588 silly mapToRegistry registry https://registry.npmjs.org/
589 silly mapToRegistry data Result {
589 silly mapToRegistry   raw: 'babel-code-frame',
589 silly mapToRegistry   scope: null,
589 silly mapToRegistry   escapedName: 'babel-code-frame',
589 silly mapToRegistry   name: 'babel-code-frame',
589 silly mapToRegistry   rawSpec: '',
589 silly mapToRegistry   spec: 'latest',
589 silly mapToRegistry   type: 'tag' }
590 silly mapToRegistry uri https://registry.npmjs.org/babel-code-frame
591 verbose addNameRange registry:https://registry.npmjs.org/babel-code-frame not in flight; fetching
592 verbose get https://registry.npmjs.org/babel-code-frame not expired, no request
593 silly addNameRange number 2 { name: 'babel-code-frame',
593 silly addNameRange   range: '>=6.22.0 <7.0.0',
593 silly addNameRange   hasData: true }
594 silly addNameRange versions [ 'babel-code-frame',
594 silly addNameRange   [ '6.0.0',
594 silly addNameRange     '6.0.2',
594 silly addNameRange     '6.0.12',
594 silly addNameRange     '6.0.14',
594 silly addNameRange     '6.0.15',
594 silly addNameRange     '6.1.4',
594 silly addNameRange     '6.1.5',
594 silly addNameRange     '6.1.6',
594 silly addNameRange     '6.1.7',
594 silly addNameRange     '6.1.8',
594 silly addNameRange     '6.1.9',
594 silly addNameRange     '6.1.10',
594 silly addNameRange     '6.1.11',
594 silly addNameRange     '6.1.12',
594 silly addNameRange     '6.1.13',
594 silly addNameRange     '6.1.14',
594 silly addNameRange     '6.1.15',
594 silly addNameRange     '6.1.16',
594 silly addNameRange     '6.1.17',
594 silly addNameRange     '6.1.18',
594 silly addNameRange     '6.2.4',
594 silly addNameRange     '6.3.13',
594 silly addNameRange     '6.5.0',
594 silly addNameRange     '6.5.0-1',
594 silly addNameRange     '6.6.0',
594 silly addNameRange     '6.6.5',
594 silly addNameRange     '6.7.2',
594 silly addNameRange     '6.7.3',
594 silly addNameRange     '6.7.4',
594 silly addNameRange     '6.7.5',
594 silly addNameRange     '6.7.7',
594 silly addNameRange     '6.8.0',
594 silly addNameRange     '6.11.0',
594 silly addNameRange     '6.16.0',
594 silly addNameRange     '6.20.0',
594 silly addNameRange     '6.22.0' ] ]
595 silly addNamed babel-code-frame@6.22.0
596 verbose addNamed "6.22.0" is a plain semver version for babel-code-frame
597 silly mapToRegistry name babel-code-frame
598 silly mapToRegistry using default registry
599 silly mapToRegistry registry https://registry.npmjs.org/
600 silly mapToRegistry data Result {
600 silly mapToRegistry   raw: 'babel-code-frame',
600 silly mapToRegistry   scope: null,
600 silly mapToRegistry   escapedName: 'babel-code-frame',
600 silly mapToRegistry   name: 'babel-code-frame',
600 silly mapToRegistry   rawSpec: '',
600 silly mapToRegistry   spec: 'latest',
600 silly mapToRegistry   type: 'tag' }
601 silly mapToRegistry uri https://registry.npmjs.org/babel-code-frame
602 verbose addRemoteTarball https://registry.npmjs.org/babel-code-frame/-/babel-code-frame-6.22.0.tgz not in flight; adding
603 verbose addRemoteTarball [ 'https://registry.npmjs.org/babel-code-frame/-/babel-code-frame-6.22.0.tgz',
603 verbose addRemoteTarball   '027620bee567a88c32561574e7fd0801d33118e4' ]
604 info retry fetch attempt 1 at 12:59:54 PM
605 info attempt registry request try #1 at 12:59:54 PM
606 http fetch GET https://registry.npmjs.org/babel-code-frame/-/babel-code-frame-6.22.0.tgz
607 silly resolveWithNewModule babel-runtime@6.23.0 checking installable status
608 silly cache add args [ 'babel-runtime@^6.22.0', null ]
609 verbose cache add spec babel-runtime@^6.22.0
610 silly cache add parsed spec Result {
610 silly cache add   raw: 'babel-runtime@^6.22.0',
610 silly cache add   scope: null,
610 silly cache add   escapedName: 'babel-runtime',
610 silly cache add   name: 'babel-runtime',
610 silly cache add   rawSpec: '^6.22.0',
610 silly cache add   spec: '>=6.22.0 <7.0.0',
610 silly cache add   type: 'range' }
611 silly addNamed babel-runtime@>=6.22.0 <7.0.0
612 verbose addNamed ">=6.22.0 <7.0.0" is a valid semver range for babel-runtime
613 silly addNameRange { name: 'babel-runtime',
613 silly addNameRange   range: '>=6.22.0 <7.0.0',
613 silly addNameRange   hasData: false }
614 silly mapToRegistry name babel-runtime
615 silly mapToRegistry using default registry
616 silly mapToRegistry registry https://registry.npmjs.org/
617 silly mapToRegistry data Result {
617 silly mapToRegistry   raw: 'babel-runtime',
617 silly mapToRegistry   scope: null,
617 silly mapToRegistry   escapedName: 'babel-runtime',
617 silly mapToRegistry   name: 'babel-runtime',
617 silly mapToRegistry   rawSpec: '',
617 silly mapToRegistry   spec: 'latest',
617 silly mapToRegistry   type: 'tag' }
618 silly mapToRegistry uri https://registry.npmjs.org/babel-runtime
619 verbose addNameRange registry:https://registry.npmjs.org/babel-runtime not in flight; fetching
620 verbose get https://registry.npmjs.org/babel-runtime not expired, no request
621 silly addNameRange number 2 { name: 'babel-runtime',
621 silly addNameRange   range: '>=6.22.0 <7.0.0',
621 silly addNameRange   hasData: true }
622 silly addNameRange versions [ 'babel-runtime',
622 silly addNameRange   [ '4.0.1',
622 silly addNameRange     '4.0.2',
622 silly addNameRange     '4.1.1',
622 silly addNameRange     '4.2.0',
622 silly addNameRange     '4.2.1',
622 silly addNameRange     '4.3.0',
622 silly addNameRange     '4.4.1',
622 silly addNameRange     '4.4.2',
622 silly addNameRange     '4.4.3',
622 silly addNameRange     '4.4.4',
622 silly addNameRange     '4.4.5',
622 silly addNameRange     '4.4.6',
622 silly addNameRange     '4.5.0',
622 silly addNameRange     '4.5.1',
622 silly addNameRange     '4.5.2',
622 silly addNameRange     '4.5.3',
622 silly addNameRange     '4.5.4',
622 silly addNameRange     '4.5.5',
622 silly addNameRange     '4.6.0',
622 silly addNameRange     '4.6.1',
622 silly addNameRange     '4.6.3',
622 silly addNameRange     '4.6.4',
622 silly addNameRange     '4.6.5',
622 silly addNameRange     '4.6.6',
622 silly addNameRange     '4.7.0',
622 silly addNameRange     '4.7.1',
622 silly addNameRange     '4.7.2',
622 silly addNameRange     '4.7.3',
622 silly addNameRange     '4.7.4',
622 silly addNameRange     '4.7.5',
622 silly addNameRange     '4.7.6',
622 silly addNameRange     '4.7.7',
622 silly addNameRange     '4.7.8',
622 silly addNameRange     '4.7.9',
622 silly addNameRange     '4.7.10',
622 silly addNameRange     '4.7.11',
622 silly addNameRange     '4.7.12',
622 silly addNameRange     '4.7.13',
622 silly addNameRange     '4.7.14',
622 silly addNameRange     '4.7.15',
622 silly addNameRange     '4.7.16',
622 silly addNameRange     '5.0.0-beta1',
622 silly addNameRange     '5.0.0-beta2',
622 silly addNameRange     '5.0.0-beta3',
622 silly addNameRange     '5.0.0-beta4',
622 silly addNameRange     '5.0.0',
622 silly addNameRange     '5.0.1',
622 silly addNameRange     '5.0.2',
622 silly addNameRange     '5.0.3',
622 silly addNameRange     '5.0.4',
622 silly addNameRange     '5.0.5',
622 silly addNameRange     '5.0.6',
622 silly addNameRange     '5.0.7',
622 silly addNameRange     '5.0.8',
622 silly addNameRange     '5.0.9',
622 silly addNameRange     '5.0.10',
622 silly addNameRange     '5.0.11',
622 silly addNameRange     '5.0.12',
622 silly addNameRange     '5.0.13',
622 silly addNameRange     '5.1.0',
622 silly addNameRange     '5.1.1',
622 silly addNameRange     '5.1.2',
622 silly addNameRange     '5.1.3',
622 silly addNameRange     '5.1.4',
622 silly addNameRange     '5.1.5',
622 silly addNameRange     '5.1.6',
622 silly addNameRange     '5.1.7',
622 silly addNameRange     '5.1.8',
622 silly addNameRange     '5.1.9',
622 silly addNameRange     '5.1.10',
622 silly addNameRange     '5.1.11',
622 silly addNameRange     '5.1.12',
622 silly addNameRange     '5.1.13',
622 silly addNameRange     '5.2.0',
622 silly addNameRange     '5.2.1',
622 silly addNameRange     '5.2.2',
622 silly addNameRange     '5.2.3',
622 silly addNameRange     '5.2.4',
622 silly addNameRange     '5.2.5',
622 silly addNameRange     '5.2.6',
622 silly addNameRange     '5.2.7',
622 silly addNameRange     '5.2.9',
622 silly addNameRange     '5.2.10',
622 silly addNameRange     '5.2.11',
622 silly addNameRange     '5.2.12',
622 silly addNameRange     '5.2.13',
622 silly addNameRange     '5.2.14',
622 silly addNameRange     '5.2.15',
622 silly addNameRange     '5.2.16',
622 silly addNameRange     '5.2.17',
622 silly addNameRange     '5.3.0',
622 silly addNameRange     '5.3.1',
622 silly addNameRange     '5.3.2',
622 silly addNameRange     '5.3.3',
622 silly addNameRange     '5.4.0',
622 silly addNameRange     '5.4.1',
622 silly addNameRange     '5.4.2',
622 silly addNameRange     '5.4.3',
622 silly addNameRange     '5.4.4',
622 silly addNameRange     '5.4.5',
622 silly addNameRange     ... 69 more items ] ]
623 silly addNamed babel-runtime@6.23.0
624 verbose addNamed "6.23.0" is a plain semver version for babel-runtime
625 silly mapToRegistry name babel-runtime
626 silly mapToRegistry using default registry
627 silly mapToRegistry registry https://registry.npmjs.org/
628 silly mapToRegistry data Result {
628 silly mapToRegistry   raw: 'babel-runtime',
628 silly mapToRegistry   scope: null,
628 silly mapToRegistry   escapedName: 'babel-runtime',
628 silly mapToRegistry   name: 'babel-runtime',
628 silly mapToRegistry   rawSpec: '',
628 silly mapToRegistry   spec: 'latest',
628 silly mapToRegistry   type: 'tag' }
629 silly mapToRegistry uri https://registry.npmjs.org/babel-runtime
630 verbose addRemoteTarball https://registry.npmjs.org/babel-runtime/-/babel-runtime-6.23.0.tgz not in flight; adding
631 verbose addRemoteTarball [ 'https://registry.npmjs.org/babel-runtime/-/babel-runtime-6.23.0.tgz',
631 verbose addRemoteTarball   '0a9489f144de70efb3ce4300accdb329e2fc543b' ]
632 info retry fetch attempt 1 at 12:59:54 PM
633 info attempt registry request try #1 at 12:59:54 PM
634 http fetch GET https://registry.npmjs.org/babel-runtime/-/babel-runtime-6.23.0.tgz
635 http fetch 200 https://registry.npmjs.org/babel-messages/-/babel-messages-6.23.0.tgz
636 silly fetchAndShaCheck shasum f3cdf4703858035b2a2951c6ec5edf6c62f2630e
637 verbose addTmpTarball C:\Users\User\AppData\Local\Temp\npm-10568-b9e0c26d\registry.npmjs.org\babel-messages\-\babel-messages-6.23.0.tgz not in flight; adding
638 verbose addTmpTarball already have metadata; skipping unpack for babel-messages@6.23.0
639 verbose correctMkdir C:\Users\User\AppData\Roaming\npm-cache correctMkdir not in flight; initializing
640 silly cache afterAdd babel-messages@6.23.0
641 verbose afterAdd C:\Users\User\AppData\Roaming\npm-cache\babel-messages\6.23.0\package\package.json not in flight; writing
642 verbose correctMkdir C:\Users\User\AppData\Roaming\npm-cache correctMkdir not in flight; initializing
643 verbose afterAdd C:\Users\User\AppData\Roaming\npm-cache\babel-messages\6.23.0\package\package.json written
644 http fetch 200 https://registry.npmjs.org/babel-code-frame/-/babel-code-frame-6.22.0.tgz
645 warn retry will retry, error on last attempt: Error: EBUSY: resource busy or locked, rename 'C:\Users\User\AppData\Local\Temp\npm-10568-b9e0c26d\registry.npmjs.org\babel-code-frame\-\babel-code-frame-6.22.0.tgz.2404707698' -> 'C:\Users\User\AppData\Local\Temp\npm-10568-b9e0c26d\registry.npmjs.org\babel-code-frame\-\babel-code-frame-6.22.0.tgz'
646 verbose stack TypeError: tarball.destroy is not a function
646 verbose stack     at WriteStreamAtomic.<anonymous> (C:\Program Files\nodejs\node_modules\npm\lib\cache\add-remote-tarball.js:97:15)
646 verbose stack     at emitOne (events.js:101:20)
646 verbose stack     at WriteStreamAtomic.emit (events.js:188:7)
646 verbose stack     at WriteStreamAtomic.emit (C:\Program Files\nodejs\node_modules\npm\node_modules\fs-write-stream-atomic\index.js:60:34)
646 verbose stack     at C:\Program Files\nodejs\node_modules\npm\node_modules\fs-write-stream-atomic\index.js:89:19
646 verbose stack     at FSReqWrap.oncomplete (fs.js:123:15)
647 verbose cwd C:\Users\User\Documents\GitHub\ape
648 error Windows_NT 10.0.10240
649 error argv "C:\\Program Files\\nodejs\\node.exe" "C:\\Program Files\\nodejs\\node_modules\\npm\\bin\\npm-cli.js" "install"
650 error node v6.9.5
651 error npm  v3.10.10
652 error tarball.destroy is not a function
653 error If you need help, you may report this error at:
653 error     <https://github.com/npm/npm/issues>
654 verbose exit [ 1, true ]
